2020.10.08 09:26:41 INFO  started: Metals version 0.9.4 in workspace '/Users/Nicolas/Desktop/MA1/FP/labs/cs210-patmat' for client vscode.
2020.10.08 09:26:42 INFO  time: initialize in 0.44s
2020.10.08 09:27:13 INFO  running '/Users/Nicolas/Library/Caches/Coursier/jvm/adopt@1.8.0-252/Contents/Home/bin/java -Djline.terminal=jline.UnsupportedTerminal -Dsbt.log.noformat=true -Dfile.encoding=UTF-8 -jar /var/folders/gv/9f1qr5t910dbg02_n42k2q1m0000gn/T/metals4081889409612331247/sbt-launch.jar -Dbloop.export-jar-classifiers=sources bloopInstall'
2020.10.08 09:27:14 INFO  skipping build import with status 'Started'
2020.10.08 09:27:14 INFO  skipping build import with status 'Started'
2020.10.08 09:27:18 INFO  [info] welcome to sbt 1.3.13 (AdoptOpenJDK Java 1.8.0_252)
2020.10.08 09:27:22 INFO  [info] loading settings for project cs210-patmat-build-build-build from metals.sbt ...
2020.10.08 09:27:22 INFO  [info] loading project definition from /Users/Nicolas/Desktop/MA1/FP/labs/cs210-patmat/project/project/project
2020.10.08 09:27:25 INFO  [warn] There may be incompatibilities among your library dependencies; run 'evicted' to see detailed eviction warnings.
2020.10.08 09:27:26 INFO  [info] loading settings for project cs210-patmat-build-build from metals.sbt ...
2020.10.08 09:27:26 INFO  [info] loading project definition from /Users/Nicolas/Desktop/MA1/FP/labs/cs210-patmat/project/project
2020.10.08 09:27:26 INFO  [warn] There may be incompatibilities among your library dependencies; run 'evicted' to see detailed eviction warnings.
2020.10.08 09:27:28 INFO  [success] Generated .bloop/cs210-patmat-build-build.json
2020.10.08 09:27:28 INFO  [success] Total time: 2 s, completed 8 oct. 2020 09:27:28
2020.10.08 09:27:31 INFO  [info] loading settings for project cs210-patmat-build from plugins.sbt,metals.sbt,buildSettings.sbt ...
2020.10.08 09:27:31 INFO  [info] loading project definition from /Users/Nicolas/Desktop/MA1/FP/labs/cs210-patmat/project
2020.10.08 09:27:32 INFO  [warn] There may be incompatibilities among your library dependencies; run 'evicted' to see detailed eviction warnings.
2020.10.08 09:27:32 INFO  [success] Generated .bloop/cs210-patmat-build.json
2020.10.08 09:27:32 INFO  [info] Compiling 2 Scala sources to /Users/Nicolas/Desktop/MA1/FP/labs/cs210-patmat/project/target/scala-2.12/sbt-1.0/classes ...
2020.10.08 09:27:36 INFO  [info] Done compiling.
2020.10.08 09:27:36 INFO  [success] Total time: 6 s, completed 8 oct. 2020 09:27:37
2020.10.08 09:27:40 INFO  [info] loading settings for project cs210-patmat from assignment.sbt,build.sbt ...
2020.10.08 09:27:40 INFO  [info] set current project to progfun1-patmat (in build file:/Users/Nicolas/Desktop/MA1/FP/labs/cs210-patmat/)
2020.10.08 09:27:41 INFO  [success] Generated .bloop/cs210-patmat.json
2020.10.08 09:27:41 INFO  [success] Generated .bloop/cs210-patmat-test.json
2020.10.08 09:27:41 INFO  [success] Total time: 0 s, completed 8 oct. 2020 09:27:41
2020.10.08 09:27:41 INFO  build tool exit: 0
2020.10.08 09:27:41 INFO  time: ran 'sbt bloopInstall' in 27s
Starting the bsp launcher for bloop...
Opening a bsp server connection with 'bsp --protocol local --socket /var/folders/gv/9f1qr5t910dbg02_n42k2q1m0000gn/T/bsp-launcher3097200747319982982/bsp.socket'...
Waiting for the bsp connection to come up...
Waiting for the bsp connection to come up...
Waiting for the bsp connection to come up...
No server running at 127.0.0.1:8212, let's fire one...
Resolving ch.epfl.scala:bloop-frontend_2.12:1.4.4-13-408f4d80...
Starting bloop server at 127.0.0.1:8212...
Attempting a connection to the server...
Attempting a connection to the server...
Attempting a connection to the server...
Attempting a connection to the server...
Attempting a connection to the server...
[0m[32m[D][0m Loading 2 projects from '/Users/Nicolas/Desktop/MA1/FP/labs/cs210-patmat/.bloop'...
[0m[32m[D][0m Loading project from '/Users/Nicolas/Desktop/MA1/FP/labs/cs210-patmat/.bloop/cs210-patmat.json'
[0m[32m[D][0m Loading project from '/Users/Nicolas/Desktop/MA1/FP/labs/cs210-patmat/.bloop/cs210-patmat-test.json'
[0m[32m[D][0m Cache miss for scala instance ch.epfl.lamp:scala-compiler:0.27.0-RC1.
[0m[32m[D][0m   => /Users/Nicolas/Library/Caches/Coursier/v1/https/repo1.maven.org/maven2/ch/epfl/lamp/dotty-compiler_0.27/0.27.0-RC1/dotty-compiler_0.27-0.27.0-RC1.jar
[0m[32m[D][0m   => /Users/Nicolas/Library/Caches/Coursier/v1/https/repo1.maven.org/maven2/ch/epfl/lamp/dotty-interfaces/0.27.0-RC1/dotty-interfaces-0.27.0-RC1.jar
[0m[32m[D][0m   => /Users/Nicolas/Library/Caches/Coursier/v1/https/repo1.maven.org/maven2/ch/epfl/lamp/dotty-library_0.27/0.27.0-RC1/dotty-library_0.27-0.27.0-RC1.jar
[0m[32m[D][0m   => /Users/Nicolas/Library/Caches/Coursier/v1/https/repo1.maven.org/maven2/ch/epfl/lamp/tasty-core_0.27/0.27.0-RC1/tasty-core_0.27-0.27.0-RC1.jar
[0m[32m[D][0m   => /Users/Nicolas/Library/Caches/Coursier/v1/https/repo1.maven.org/maven2/net/java/dev/jna/jna/5.3.1/jna-5.3.1.jar
[0m[32m[D][0m   => /Users/Nicolas/Library/Caches/Coursier/v1/https/repo1.maven.org/maven2/org/jline/jline-reader/3.15.0/jline-reader-3.15.0.jar
[0m[32m[D][0m   => /Users/Nicolas/Library/Caches/Coursier/v1/https/repo1.maven.org/maven2/org/jline/jline-terminal-jna/3.15.0/jline-terminal-jna-3.15.0.jar
[0m[32m[D][0m   => /Users/Nicolas/Library/Caches/Coursier/v1/https/repo1.maven.org/maven2/org/jline/jline-terminal/3.15.0/jline-terminal-3.15.0.jar
[0m[32m[D][0m   => /Users/Nicolas/Library/Caches/Coursier/v1/https/repo1.maven.org/maven2/org/scala-lang/modules/scala-asm/7.3.1-scala-1/scala-asm-7.3.1-scala-1.jar
[0m[32m[D][0m   => /Users/Nicolas/Library/Caches/Coursier/v1/https/repo1.maven.org/maven2/org/scala-lang/scala-library/2.13.3/scala-library-2.13.3.jar
[0m[32m[D][0m   => /Users/Nicolas/Library/Caches/Coursier/v1/https/repo1.maven.org/maven2/org/scala-sbt/compiler-interface/1.2.5/compiler-interface-1.2.5.jar
[0m[32m[D][0m   => /Users/Nicolas/Library/Caches/Coursier/v1/https/repo1.maven.org/maven2/org/scala-sbt/util-interface/1.2.2/util-interface-1.2.2.jar
[0m[32m[D][0m Missing analysis file for project 'cs210-patmat-test'
[0m[32m[D][0m Missing analysis file for project 'cs210-patmat'
[0m[32m[D][0m Waiting for a connection at local:///var/folders/gv/9f1qr5t910dbg02_n42k2q1m0000gn/T/bsp-launcher3097200747319982982/bsp.socket...
The server is listening for incoming connections at local:///var/folders/gv/9f1qr5t910dbg02_n42k2q1m0000gn/T/bsp-launcher3097200747319982982/bsp.socket...
Starting thread that pumps stdin and redirects it to the bsp server...
Starting thread that pumps server stdout and redirects it to the client stdout...
2020.10.08 09:27:44 INFO  tracing is disabled for protocol BSP, to enable tracing of incoming and outgoing JSON messages create an empty file at /Users/Nicolas/Library/Caches/org.scalameta.metals/bsp.trace.json
Starting the bsp launcher for bloop...
Opening a bsp server connection with 'bsp --protocol local --socket /var/folders/gv/9f1qr5t910dbg02_n42k2q1m0000gn/T/bsp-launcher662560099450968979/bsp.socket'...
Starting the bsp launcher for bloop...
Opening a bsp server connection with 'bsp --protocol local --socket /var/folders/gv/9f1qr5t910dbg02_n42k2q1m0000gn/T/bsp-launcher8747809241794939239/bsp.socket'...
Waiting for the bsp connection to come up...
Waiting for the bsp connection to come up...
[0m[32m[D][0m Loading workspace settings from bloop.settings.json
[0m[32m[D][0m Waiting for a connection at local:///var/folders/gv/9f1qr5t910dbg02_n42k2q1m0000gn/T/bsp-launcher8747809241794939239/bsp.socket...
The server is listening for incoming connections at local:///var/folders/gv/9f1qr5t910dbg02_n42k2q1m0000gn/T/bsp-launcher8747809241794939239/bsp.socket...
Starting thread that pumps stdin and redirects it to the bsp server...
Starting thread that pumps server stdout and redirects it to the client stdout...
[0m[32m[D][0m Loading workspace settings from bloop.settings.json
[0m[32m[D][0m Waiting for a connection at local:///var/folders/gv/9f1qr5t910dbg02_n42k2q1m0000gn/T/bsp-launcher662560099450968979/bsp.socket...
The server is listening for incoming connections at local:///var/folders/gv/9f1qr5t910dbg02_n42k2q1m0000gn/T/bsp-launcher662560099450968979/bsp.socket...
Starting thread that pumps stdin and redirects it to the bsp server...
Starting thread that pumps server stdout and redirects it to the client stdout...
2020.10.08 09:27:44 INFO  tracing is disabled for protocol BSP, to enable tracing of incoming and outgoing JSON messages create an empty file at /Users/Nicolas/Library/Caches/org.scalameta.metals/bsp.trace.json
2020.10.08 09:27:44 INFO  tracing is disabled for protocol BSP, to enable tracing of incoming and outgoing JSON messages create an empty file at /Users/Nicolas/Library/Caches/org.scalameta.metals/bsp.trace.json
2020.10.08 09:27:44 INFO  time: connected to build server in 3.54s
2020.10.08 09:27:44 INFO  Connected to Build server v1.4.4-13-408f4d80
2020.10.08 09:27:45 INFO  time: imported build in 0.15s
2020.10.08 09:27:50 INFO  time: indexed workspace in 5.81s
2020.10.08 09:28:03 INFO  compiling cs210-patmat (2 scala sources)
2020.10.08 09:28:10 INFO  time: compiled cs210-patmat in 7.61s
2020.10.08 09:31:16 INFO  compiling cs210-patmat (1 scala source)
2020.10.08 09:31:18 INFO  time: compiled cs210-patmat in 1.47s
oct. 08, 2020 9:31:18 AM org.eclipse.lsp4j.jsonrpc.RemoteEndpoint handleCancellation
AVERTISSEMENT: Unmatched cancel notification for request id 13
2020.10.08 09:31:18 INFO  compiling cs210-patmat (1 scala source)
2020.10.08 09:31:19 INFO  time: compiled cs210-patmat in 0.57s
2020.10.08 09:31:19 INFO  compiling cs210-patmat (1 scala source)
2020.10.08 09:31:19 INFO  time: compiled cs210-patmat in 0.35s
2020.10.08 09:31:21 INFO  compiling cs210-patmat (1 scala source)
2020.10.08 09:31:21 INFO  time: compiled cs210-patmat in 0.29s
2020.10.08 09:31:21 INFO  compiling cs210-patmat (1 scala source)
2020.10.08 09:31:24 INFO  time: compiled cs210-patmat in 2.19s
2020.10.08 09:31:24 INFO  compiling cs210-patmat (1 scala source)
2020.10.08 09:31:24 INFO  time: compiled cs210-patmat in 0.67s
2020.10.08 09:31:24 INFO  compiling cs210-patmat (1 scala source)
2020.10.08 09:31:25 INFO  time: compiled cs210-patmat in 0.76s
2020.10.08 09:31:25 INFO  compiling cs210-patmat (1 scala source)
2020.10.08 09:31:27 INFO  time: compiled cs210-patmat in 1.18s
2020.10.08 09:31:44 INFO  compiling cs210-patmat (1 scala source)
2020.10.08 09:31:44 INFO  time: compiled cs210-patmat in 0.64s
2020.10.08 09:31:45 INFO  compiling cs210-patmat (1 scala source)
2020.10.08 09:31:45 INFO  time: compiled cs210-patmat in 0.62s
2020.10.08 09:31:45 INFO  compiling cs210-patmat (1 scala source)
2020.10.08 09:31:46 INFO  time: compiled cs210-patmat in 0.44s
2020.10.08 09:31:47 INFO  compiling cs210-patmat (1 scala source)
2020.10.08 09:31:47 INFO  time: compiled cs210-patmat in 0.57s
2020.10.08 09:31:47 INFO  compiling cs210-patmat (1 scala source)
2020.10.08 09:31:49 INFO  time: compiled cs210-patmat in 0.51s
2020.10.08 09:31:49 INFO  compiling cs210-patmat (1 scala source)
2020.10.08 09:31:49 INFO  time: compiled cs210-patmat in 0.38s
oct. 08, 2020 9:32:23 AM org.eclipse.lsp4j.jsonrpc.RemoteEndpoint handleCancellation
AVERTISSEMENT: Unmatched cancel notification for request id 80
2020.10.08 09:32:23 INFO  compiling cs210-patmat (1 scala source)
2020.10.08 09:32:23 INFO  time: compiled cs210-patmat in 0.51s
2020.10.08 09:32:24 INFO  compiling cs210-patmat (1 scala source)
2020.10.08 09:32:25 INFO  time: compiled cs210-patmat in 1.44s
2020.10.08 09:32:25 INFO  compiling cs210-patmat (1 scala source)
2020.10.08 09:32:25 INFO  time: compiled cs210-patmat in 0.37s
2020.10.08 09:33:35 INFO  compiling cs210-patmat (1 scala source)
2020.10.08 09:33:35 INFO  time: compiled cs210-patmat in 0.38s
2020.10.08 09:33:37 INFO  compiling cs210-patmat (1 scala source)
2020.10.08 09:33:37 INFO  time: compiled cs210-patmat in 0.16s
2020.10.08 09:33:38 INFO  compiling cs210-patmat (1 scala source)
2020.10.08 09:33:38 INFO  time: compiled cs210-patmat in 0.4s
2020.10.08 09:33:41 INFO  compiling cs210-patmat (1 scala source)
2020.10.08 09:33:41 INFO  time: compiled cs210-patmat in 0.56s
2020.10.08 09:33:48 INFO  compiling cs210-patmat (1 scala source)
2020.10.08 09:33:48 INFO  time: compiled cs210-patmat in 0.46s
2020.10.08 09:33:53 INFO  compiling cs210-patmat (1 scala source)
2020.10.08 09:33:53 INFO  time: compiled cs210-patmat in 0.43s
2020.10.08 09:33:54 INFO  compiling cs210-patmat (1 scala source)
2020.10.08 09:33:54 INFO  time: compiled cs210-patmat in 0.52s
2020.10.08 09:33:54 INFO  compiling cs210-patmat (1 scala source)
2020.10.08 09:33:55 INFO  time: compiled cs210-patmat in 0.74s
2020.10.08 09:33:55 INFO  compiling cs210-patmat (1 scala source)
2020.10.08 09:33:55 INFO  time: compiled cs210-patmat in 0.4s
2020.10.08 09:33:57 INFO  compiling cs210-patmat (1 scala source)
2020.10.08 09:33:57 INFO  time: compiled cs210-patmat in 0.84s
2020.10.08 09:33:57 INFO  compiling cs210-patmat (1 scala source)
2020.10.08 09:33:59 INFO  time: compiled cs210-patmat in 0.43s
2020.10.08 09:33:59 INFO  compiling cs210-patmat (1 scala source)
2020.10.08 09:34:01 INFO  time: compiled cs210-patmat in 2.04s
2020.10.08 09:34:01 INFO  compiling cs210-patmat (1 scala source)
2020.10.08 09:34:01 INFO  time: compiled cs210-patmat in 0.47s
2020.10.08 09:34:01 INFO  compiling cs210-patmat (1 scala source)
2020.10.08 09:34:02 INFO  time: compiled cs210-patmat in 0.71s
2020.10.08 09:34:02 INFO  compiling cs210-patmat (1 scala source)
2020.10.08 09:34:02 INFO  time: compiled cs210-patmat in 0.36s
2020.10.08 09:34:02 INFO  compiling cs210-patmat (1 scala source)
2020.10.08 09:34:02 INFO  time: compiled cs210-patmat in 0.31s
2020.10.08 09:34:03 INFO  compiling cs210-patmat (1 scala source)
2020.10.08 09:34:03 INFO  time: compiled cs210-patmat in 0.58s
2020.10.08 09:34:03 INFO  compiling cs210-patmat (1 scala source)
2020.10.08 09:34:03 INFO  time: compiled cs210-patmat in 0.29s
2020.10.08 09:34:04 INFO  compiling cs210-patmat (1 scala source)
2020.10.08 09:34:04 INFO  time: compiled cs210-patmat in 0.29s
2020.10.08 09:34:04 INFO  compiling cs210-patmat (1 scala source)
2020.10.08 09:34:04 INFO  time: compiled cs210-patmat in 0.35s
2020.10.08 09:34:58 INFO  compiling cs210-patmat (1 scala source)
2020.10.08 09:34:58 INFO  time: compiled cs210-patmat in 0.45s
2020.10.08 09:34:58 INFO  compiling cs210-patmat (1 scala source)
2020.10.08 09:35:01 INFO  time: compiled cs210-patmat in 2.52s
2020.10.08 09:35:01 INFO  compiling cs210-patmat (1 scala source)
2020.10.08 09:35:01 INFO  time: compiled cs210-patmat in 0.53s
oct. 08, 2020 9:35:02 AM org.eclipse.lsp4j.jsonrpc.RemoteEndpoint handleCancellation
AVERTISSEMENT: Unmatched cancel notification for request id 242
2020.10.08 09:35:02 INFO  compiling cs210-patmat (1 scala source)
2020.10.08 09:35:02 INFO  time: compiled cs210-patmat in 0.83s
2020.10.08 09:35:02 INFO  compiling cs210-patmat (1 scala source)
2020.10.08 09:35:03 INFO  time: compiled cs210-patmat in 0.31s
2020.10.08 09:35:03 INFO  compiling cs210-patmat (1 scala source)
2020.10.08 09:35:03 INFO  time: compiled cs210-patmat in 0.54s
2020.10.08 09:35:03 INFO  compiling cs210-patmat (1 scala source)
2020.10.08 09:35:03 INFO  time: compiled cs210-patmat in 0.42s
2020.10.08 09:35:06 INFO  compiling cs210-patmat (1 scala source)
2020.10.08 09:35:06 INFO  time: compiled cs210-patmat in 0.71s
2020.10.08 09:35:08 INFO  compiling cs210-patmat (1 scala source)
2020.10.08 09:35:08 INFO  time: compiled cs210-patmat in 0.43s
2020.10.08 09:35:08 INFO  compiling cs210-patmat (1 scala source)
2020.10.08 09:35:09 INFO  time: compiled cs210-patmat in 0.55s
2020.10.08 09:35:09 INFO  compiling cs210-patmat (1 scala source)
2020.10.08 09:35:09 INFO  time: compiled cs210-patmat in 0.43s
2020.10.08 09:35:09 INFO  compiling cs210-patmat (1 scala source)
2020.10.08 09:35:10 INFO  time: compiled cs210-patmat in 0.49s
2020.10.08 09:35:14 INFO  compiling cs210-patmat (1 scala source)
2020.10.08 09:35:16 INFO  time: compiled cs210-patmat in 2.51s
2020.10.08 09:35:16 INFO  compiling cs210-patmat (1 scala source)
2020.10.08 09:35:16 INFO  time: compiled cs210-patmat in 0.44s
2020.10.08 09:35:16 INFO  compiling cs210-patmat (1 scala source)
2020.10.08 09:35:16 INFO  time: compiled cs210-patmat in 0.49s
2020.10.08 09:35:17 INFO  compiling cs210-patmat (1 scala source)
2020.10.08 09:35:17 INFO  time: compiled cs210-patmat in 0.81s
2020.10.08 09:35:17 INFO  compiling cs210-patmat (1 scala source)
2020.10.08 09:35:19 INFO  time: compiled cs210-patmat in 0.43s
2020.10.08 09:35:19 INFO  compiling cs210-patmat (1 scala source)
2020.10.08 09:35:19 INFO  time: compiled cs210-patmat in 0.79s
2020.10.08 09:35:19 INFO  compiling cs210-patmat (1 scala source)
2020.10.08 09:35:20 INFO  time: compiled cs210-patmat in 0.45s
2020.10.08 09:35:20 INFO  compiling cs210-patmat (1 scala source)
2020.10.08 09:35:20 INFO  time: compiled cs210-patmat in 0.4s
2020.10.08 09:35:20 INFO  compiling cs210-patmat (1 scala source)
2020.10.08 09:35:22 INFO  time: compiled cs210-patmat in 0.74s
2020.10.08 09:35:22 INFO  compiling cs210-patmat (1 scala source)
2020.10.08 09:35:22 INFO  time: compiled cs210-patmat in 0.37s
2020.10.08 09:38:09 INFO  compiling cs210-patmat (1 scala source)
2020.10.08 09:38:09 INFO  time: compiled cs210-patmat in 0.84s
2020.10.08 09:38:09 INFO  compiling cs210-patmat (1 scala source)
2020.10.08 09:38:10 INFO  time: compiled cs210-patmat in 0.5s
2020.10.08 09:38:10 INFO  compiling cs210-patmat (1 scala source)
2020.10.08 09:38:11 INFO  time: compiled cs210-patmat in 0.62s
2020.10.08 09:38:19 INFO  compiling cs210-patmat (1 scala source)
2020.10.08 09:38:19 INFO  time: compiled cs210-patmat in 0.36s
2020.10.08 09:38:21 INFO  compiling cs210-patmat (1 scala source)
2020.10.08 09:38:21 INFO  time: compiled cs210-patmat in 0.41s
2020.10.08 09:38:21 INFO  compiling cs210-patmat (1 scala source)
2020.10.08 09:38:22 INFO  time: compiled cs210-patmat in 0.74s
2020.10.08 09:38:22 INFO  compiling cs210-patmat (1 scala source)
2020.10.08 09:38:26 INFO  time: compiled cs210-patmat in 4.03s
2020.10.08 09:38:40 INFO  compiling cs210-patmat (1 scala source)
2020.10.08 09:38:40 INFO  time: compiled cs210-patmat in 0.46s
2020.10.08 09:38:42 INFO  compiling cs210-patmat (1 scala source)
2020.10.08 09:38:42 INFO  time: compiled cs210-patmat in 0.76s
2020.10.08 09:38:46 INFO  compiling cs210-patmat (1 scala source)
2020.10.08 09:38:46 INFO  time: compiled cs210-patmat in 0.43s
2020.10.08 09:38:46 INFO  compiling cs210-patmat (1 scala source)
2020.10.08 09:38:47 INFO  time: compiled cs210-patmat in 0.53s
2020.10.08 09:38:47 INFO  compiling cs210-patmat (1 scala source)
2020.10.08 09:38:49 INFO  time: compiled cs210-patmat in 0.35s
2020.10.08 09:38:50 INFO  compiling cs210-patmat (1 scala source)
2020.10.08 09:38:50 INFO  time: compiled cs210-patmat in 0.55s
2020.10.08 09:38:51 INFO  compiling cs210-patmat (1 scala source)
2020.10.08 09:38:54 INFO  time: compiled cs210-patmat in 2.94s
2020.10.08 09:40:58 INFO  compiling cs210-patmat (1 scala source)
2020.10.08 09:40:58 INFO  time: compiled cs210-patmat in 0.8s
2020.10.08 09:41:01 INFO  compiling cs210-patmat (1 scala source)
2020.10.08 09:41:04 INFO  time: compiled cs210-patmat in 3.69s
2020.10.08 09:41:04 INFO  compiling cs210-patmat (1 scala source)
2020.10.08 09:41:04 INFO  time: compiled cs210-patmat in 0.36s
2020.10.08 09:41:07 INFO  compiling cs210-patmat (1 scala source)
2020.10.08 09:41:12 INFO  time: compiled cs210-patmat in 4.52s
2020.10.08 09:41:12 INFO  compiling cs210-patmat (1 scala source)
2020.10.08 09:41:15 INFO  time: compiled cs210-patmat in 3.34s
2020.10.08 09:41:17 INFO  compiling cs210-patmat (1 scala source)
2020.10.08 09:41:17 INFO  time: compiled cs210-patmat in 0.44s
2020.10.08 09:41:19 INFO  compiling cs210-patmat (1 scala source)
2020.10.08 09:41:22 INFO  time: compiled cs210-patmat in 2.7s
2020.10.08 09:41:22 INFO  compiling cs210-patmat (1 scala source)
2020.10.08 09:41:26 INFO  time: compiled cs210-patmat in 3.74s
2020.10.08 09:41:26 INFO  compiling cs210-patmat (1 scala source)
2020.10.08 09:41:29 INFO  time: compiled cs210-patmat in 3.17s
2020.10.08 09:41:35 INFO  compiling cs210-patmat (1 scala source)
2020.10.08 09:41:39 INFO  time: compiled cs210-patmat in 3.44s
2020.10.08 09:41:39 INFO  compiling cs210-patmat (1 scala source)
2020.10.08 09:41:45 INFO  time: compiled cs210-patmat in 5.73s
2020.10.08 09:41:45 INFO  compiling cs210-patmat (1 scala source)
2020.10.08 09:41:49 INFO  time: compiled cs210-patmat in 4.4s
2020.10.08 09:41:49 INFO  compiling cs210-patmat (1 scala source)
2020.10.08 09:41:53 INFO  time: compiled cs210-patmat in 4.26s
2020.10.08 09:41:53 INFO  compiling cs210-patmat (1 scala source)
2020.10.08 09:42:03 INFO  time: compiled cs210-patmat in 9.48s
2020.10.08 09:42:03 INFO  compiling cs210-patmat (1 scala source)
2020.10.08 09:43:10 INFO  time: compiled cs210-patmat in 1m7s
2020.10.08 09:43:19 INFO  compiling cs210-patmat (1 scala source)
2020.10.08 09:44:06 INFO  compiling cs210-patmat (1 scala source)
2020.10.08 09:45:02 INFO  compiling cs210-patmat (1 scala source)
oct. 08, 2020 10:13:38 AM org.eclipse.lsp4j.jsonrpc.RemoteEndpoint handleCancellation
AVERTISSEMENT: Unmatched cancel notification for request id 1610
oct. 08, 2020 10:13:51 AM org.eclipse.lsp4j.jsonrpc.RemoteEndpoint handleCancellation
AVERTISSEMENT: Unmatched cancel notification for request id 1643
oct. 08, 2020 10:30:39 AM org.eclipse.lsp4j.jsonrpc.RemoteEndpoint handleCancellation
AVERTISSEMENT: Unmatched cancel notification for request id 2446
oct. 08, 2020 10:33:24 AM org.eclipse.lsp4j.jsonrpc.RemoteEndpoint handleCancellation
AVERTISSEMENT: Unmatched cancel notification for request id 2699
oct. 08, 2020 10:34:30 AM org.eclipse.lsp4j.jsonrpc.RemoteEndpoint handleCancellation
AVERTISSEMENT: Unmatched cancel notification for request id 2896
oct. 08, 2020 10:37:46 AM org.eclipse.lsp4j.jsonrpc.RemoteEndpoint handleCancellation
AVERTISSEMENT: Unmatched cancel notification for request id 3114
oct. 08, 2020 10:45:26 AM org.eclipse.lsp4j.jsonrpc.RemoteEndpoint handleCancellation
AVERTISSEMENT: Unmatched cancel notification for request id 3273
oct. 08, 2020 10:47:22 AM org.eclipse.lsp4j.jsonrpc.RemoteEndpoint handleCancellation
AVERTISSEMENT: Unmatched cancel notification for request id 3481
oct. 08, 2020 10:54:58 AM org.eclipse.lsp4j.jsonrpc.RemoteEndpoint handleCancellation
AVERTISSEMENT: Unmatched cancel notification for request id 3700
oct. 08, 2020 10:54:58 AM org.eclipse.lsp4j.jsonrpc.RemoteEndpoint handleCancellation
AVERTISSEMENT: Unmatched cancel notification for request id 3699
oct. 08, 2020 10:54:58 AM org.eclipse.lsp4j.jsonrpc.RemoteEndpoint handleCancellation
AVERTISSEMENT: Unmatched cancel notification for request id 3702
oct. 08, 2020 10:54:58 AM org.eclipse.lsp4j.jsonrpc.RemoteEndpoint handleCancellation
AVERTISSEMENT: Unmatched cancel notification for request id 3701
oct. 08, 2020 10:54:58 AM org.eclipse.lsp4j.jsonrpc.RemoteEndpoint handleCancellation
AVERTISSEMENT: Unmatched cancel notification for request id 3706
oct. 08, 2020 10:55:05 AM org.eclipse.lsp4j.jsonrpc.RemoteEndpoint handleCancellation
AVERTISSEMENT: Unmatched cancel notification for request id 3740
oct. 08, 2020 10:58:18 AM org.eclipse.lsp4j.jsonrpc.RemoteEndpoint handleCancellation
AVERTISSEMENT: Unmatched cancel notification for request id 3883
oct. 08, 2020 11:02:32 AM org.eclipse.lsp4j.jsonrpc.RemoteEndpoint handleCancellation
AVERTISSEMENT: Unmatched cancel notification for request id 4331
oct. 08, 2020 11:04:00 AM org.eclipse.lsp4j.jsonrpc.RemoteEndpoint handleCancellation
AVERTISSEMENT: Unmatched cancel notification for request id 4430
oct. 08, 2020 11:18:36 AM org.eclipse.lsp4j.jsonrpc.RemoteEndpoint handleCancellation
AVERTISSEMENT: Unmatched cancel notification for request id 4645
oct. 08, 2020 11:27:36 AM org.eclipse.lsp4j.jsonrpc.RemoteEndpoint handleCancellation
AVERTISSEMENT: Unmatched cancel notification for request id 5233
oct. 08, 2020 11:29:02 AM org.eclipse.lsp4j.jsonrpc.RemoteEndpoint handleCancellation
AVERTISSEMENT: Unmatched cancel notification for request id 5492
oct. 08, 2020 11:34:33 AM org.eclipse.lsp4j.jsonrpc.RemoteEndpoint handleCancellation
AVERTISSEMENT: Unmatched cancel notification for request id 5832
oct. 08, 2020 11:45:26 AM org.eclipse.lsp4j.jsonrpc.RemoteEndpoint handleCancellation
AVERTISSEMENT: Unmatched cancel notification for request id 6303
oct. 08, 2020 11:45:58 AM org.eclipse.lsp4j.jsonrpc.RemoteEndpoint handleCancellation
AVERTISSEMENT: Unmatched cancel notification for request id 6384
oct. 08, 2020 11:53:51 AM org.eclipse.lsp4j.jsonrpc.RemoteEndpoint handleCancellation
AVERTISSEMENT: Unmatched cancel notification for request id 6657
oct. 08, 2020 6:20:30 PM org.eclipse.lsp4j.jsonrpc.RemoteEndpoint handleCancellation
AVERTISSEMENT: Unmatched cancel notification for request id 8204
oct. 08, 2020 6:20:49 PM org.eclipse.lsp4j.jsonrpc.RemoteEndpoint handleCancellation
AVERTISSEMENT: Unmatched cancel notification for request id 8256
oct. 08, 2020 6:20:55 PM org.eclipse.lsp4j.jsonrpc.RemoteEndpoint handleCancellation
AVERTISSEMENT: Unmatched cancel notification for request id 8269
oct. 08, 2020 6:27:26 PM org.eclipse.lsp4j.jsonrpc.RemoteEndpoint handleCancellation
AVERTISSEMENT: Unmatched cancel notification for request id 8891
oct. 08, 2020 6:27:26 PM org.eclipse.lsp4j.jsonrpc.RemoteEndpoint handleCancellation
AVERTISSEMENT: Unmatched cancel notification for request id 8893
oct. 08, 2020 6:27:26 PM org.eclipse.lsp4j.jsonrpc.RemoteEndpoint handleCancellation
AVERTISSEMENT: Unmatched cancel notification for request id 8892
oct. 08, 2020 6:27:26 PM org.eclipse.lsp4j.jsonrpc.RemoteEndpoint handleCancellation
AVERTISSEMENT: Unmatched cancel notification for request id 8894
oct. 08, 2020 6:27:34 PM org.eclipse.lsp4j.jsonrpc.RemoteEndpoint handleCancellation
AVERTISSEMENT: Unmatched cancel notification for request id 8918
oct. 08, 2020 6:27:35 PM org.eclipse.lsp4j.jsonrpc.RemoteEndpoint handleCancellation
AVERTISSEMENT: Unmatched cancel notification for request id 8922
oct. 08, 2020 6:30:45 PM org.eclipse.lsp4j.jsonrpc.RemoteEndpoint handleCancellation
AVERTISSEMENT: Unmatched cancel notification for request id 9046
oct. 08, 2020 6:42:07 PM org.eclipse.lsp4j.jsonrpc.RemoteEndpoint handleCancellation
AVERTISSEMENT: Unmatched cancel notification for request id 9928
oct. 08, 2020 6:43:27 PM org.eclipse.lsp4j.jsonrpc.RemoteEndpoint handleCancellation
AVERTISSEMENT: Unmatched cancel notification for request id 10151
oct. 08, 2020 6:43:27 PM org.eclipse.lsp4j.jsonrpc.RemoteEndpoint handleCancellation
AVERTISSEMENT: Unmatched cancel notification for request id 10153
oct. 08, 2020 6:43:27 PM org.eclipse.lsp4j.jsonrpc.RemoteEndpoint handleCancellation
AVERTISSEMENT: Unmatched cancel notification for request id 10149
oct. 08, 2020 6:43:27 PM org.eclipse.lsp4j.jsonrpc.RemoteEndpoint handleCancellation
AVERTISSEMENT: Unmatched cancel notification for request id 10150
oct. 08, 2020 6:43:27 PM org.eclipse.lsp4j.jsonrpc.RemoteEndpoint handleCancellation
AVERTISSEMENT: Unmatched cancel notification for request id 10154
oct. 08, 2020 6:43:28 PM org.eclipse.lsp4j.jsonrpc.RemoteEndpoint handleCancellation
AVERTISSEMENT: Unmatched cancel notification for request id 10155
oct. 08, 2020 7:01:33 PM org.eclipse.lsp4j.jsonrpc.RemoteEndpoint handleCancellation
AVERTISSEMENT: Unmatched cancel notification for request id 10687
oct. 08, 2020 7:04:00 PM org.eclipse.lsp4j.jsonrpc.RemoteEndpoint handleCancellation
AVERTISSEMENT: Unmatched cancel notification for request id 10753
oct. 08, 2020 7:20:04 PM org.eclipse.lsp4j.jsonrpc.RemoteEndpoint handleCancellation
AVERTISSEMENT: Unmatched cancel notification for request id 11455
oct. 09, 2020 8:49:37 AM org.eclipse.lsp4j.jsonrpc.RemoteEndpoint handleCancellation
AVERTISSEMENT: Unmatched cancel notification for request id 11702
oct. 09, 2020 8:49:42 AM org.eclipse.lsp4j.jsonrpc.RemoteEndpoint handleCancellation
AVERTISSEMENT: Unmatched cancel notification for request id 11704
2020.10.09 08:50:07 INFO  /Users/Nicolas/Desktop/MA1/FP/labs/cs210-patmat/src/main/scala/patmat/Huffman.scala:29:31: stale bloop error: Found:    patmat.CodeTree => List[Char]
Required: List[Char]
    case Leaf(char, weight)=> char
                              ^
2020.10.09 08:50:07 INFO  /Users/Nicolas/Desktop/MA1/FP/labs/cs210-patmat/src/main/scala/patmat/Huffman.scala:29:31: stale bloop error: Found:    patmat.CodeTree => List[Char]
Required: List[Char]
    case Leaf(char, weight)=> char
                              ^
2020.10.09 08:50:07 INFO  /Users/Nicolas/Desktop/MA1/FP/labs/cs210-patmat/src/main/scala/patmat/Huffman.scala:29:31: stale bloop error: Found:    patmat.CodeTree => List[Char]
Required: List[Char]
    case Leaf(char, weight)=> char
                              ^
2020.10.09 08:50:11 INFO  /Users/Nicolas/Desktop/MA1/FP/labs/cs210-patmat/src/main/scala/patmat/Huffman.scala:29:31: stale bloop error: Found:    patmat.CodeTree => List[Char]
Required: List[Char]
    case Leaf(char, weight)=> char
                              ^
2020.10.09 08:50:11 INFO  /Users/Nicolas/Desktop/MA1/FP/labs/cs210-patmat/src/main/scala/patmat/Huffman.scala:29:31: stale bloop error: Found:    patmat.CodeTree => List[Char]
Required: List[Char]
    case Leaf(char, weight)=> char
                              ^
2020.10.09 08:50:11 INFO  /Users/Nicolas/Desktop/MA1/FP/labs/cs210-patmat/src/main/scala/patmat/Huffman.scala:29:31: stale bloop error: Found:    patmat.CodeTree => List[Char]
Required: List[Char]
    case Leaf(char, weight)=> char
                              ^
oct. 09, 2020 8:50:32 AM org.eclipse.lsp4j.jsonrpc.RemoteEndpoint handleCancellation
AVERTISSEMENT: Unmatched cancel notification for request id 11769
2020.10.09 08:50:37 INFO  /Users/Nicolas/Desktop/MA1/FP/labs/cs210-patmat/src/main/scala/patmat/Huffman.scala:29:31: stale bloop error: Found:    patmat.CodeTree => List[Char]
Required: List[Char]
    case Leaf(char, weight)=> char
                              ^
2020.10.09 08:50:37 INFO  /Users/Nicolas/Desktop/MA1/FP/labs/cs210-patmat/src/main/scala/patmat/Huffman.scala:29:31: stale bloop error: Found:    patmat.CodeTree => List[Char]
Required: List[Char]
    case Leaf(char, weight)=> char
                              ^
2020.10.09 08:50:37 INFO  /Users/Nicolas/Desktop/MA1/FP/labs/cs210-patmat/src/main/scala/patmat/Huffman.scala:29:31: stale bloop error: Found:    patmat.CodeTree => List[Char]
Required: List[Char]
    case Leaf(char, weight)=> char
                              ^
2020.10.09 08:50:40 INFO  /Users/Nicolas/Desktop/MA1/FP/labs/cs210-patmat/src/main/scala/patmat/Huffman.scala:29:31: stale bloop error: Found:    patmat.CodeTree => List[Char]
Required: List[Char]
    case Leaf(char, weight)=> char
                              ^
2020.10.09 08:50:40 INFO  /Users/Nicolas/Desktop/MA1/FP/labs/cs210-patmat/src/main/scala/patmat/Huffman.scala:29:31: stale bloop error: Found:    patmat.CodeTree => List[Char]
Required: List[Char]
    case Leaf(char, weight)=> char
                              ^
2020.10.09 08:50:40 INFO  /Users/Nicolas/Desktop/MA1/FP/labs/cs210-patmat/src/main/scala/patmat/Huffman.scala:29:31: stale bloop error: Found:    patmat.CodeTree => List[Char]
Required: List[Char]
    case Leaf(char, weight)=> char
                              ^
2020.10.09 08:50:58 INFO  /Users/Nicolas/Desktop/MA1/FP/labs/cs210-patmat/src/main/scala/patmat/Huffman.scala:29:31: stale bloop error: Found:    patmat.CodeTree => List[Char]
Required: List[Char]
    case Leaf(char, weight)=> char
                              ^
2020.10.09 08:50:58 INFO  /Users/Nicolas/Desktop/MA1/FP/labs/cs210-patmat/src/main/scala/patmat/Huffman.scala:29:31: stale bloop error: Found:    patmat.CodeTree => List[Char]
Required: List[Char]
    case Leaf(char, weight)=> char
                              ^
2020.10.09 08:50:59 INFO  /Users/Nicolas/Desktop/MA1/FP/labs/cs210-patmat/src/main/scala/patmat/Huffman.scala:29:31: stale bloop error: Found:    patmat.CodeTree => List[Char]
Required: List[Char]
    case Leaf(char, weight)=> char
                              ^
2020.10.09 08:51:01 INFO  /Users/Nicolas/Desktop/MA1/FP/labs/cs210-patmat/src/main/scala/patmat/Huffman.scala:29:31: stale bloop error: Found:    patmat.CodeTree => List[Char]
Required: List[Char]
    case Leaf(char, weight)=> char
                              ^
2020.10.09 08:51:01 INFO  /Users/Nicolas/Desktop/MA1/FP/labs/cs210-patmat/src/main/scala/patmat/Huffman.scala:29:31: stale bloop error: Found:    patmat.CodeTree => List[Char]
Required: List[Char]
    case Leaf(char, weight)=> char
                              ^
2020.10.09 08:51:01 INFO  /Users/Nicolas/Desktop/MA1/FP/labs/cs210-patmat/src/main/scala/patmat/Huffman.scala:29:31: stale bloop error: Found:    patmat.CodeTree => List[Char]
Required: List[Char]
    case Leaf(char, weight)=> char
                              ^
2020.10.09 08:51:11 INFO  time: code lens generation in 1.57s
2020.10.09 08:51:16 INFO  /Users/Nicolas/Desktop/MA1/FP/labs/cs210-patmat/src/main/scala/patmat/Huffman.scala:29:31: stale bloop error: Found:    patmat.CodeTree => List[Char]
Required: List[Char]
    case Leaf(char, weight)=> char
                              ^
2020.10.09 08:51:16 INFO  /Users/Nicolas/Desktop/MA1/FP/labs/cs210-patmat/src/main/scala/patmat/Huffman.scala:29:31: stale bloop error: Found:    patmat.CodeTree => List[Char]
Required: List[Char]
    case Leaf(char, weight)=> char
                              ^
2020.10.09 08:51:16 INFO  /Users/Nicolas/Desktop/MA1/FP/labs/cs210-patmat/src/main/scala/patmat/Huffman.scala:29:31: stale bloop error: Found:    patmat.CodeTree => List[Char]
Required: List[Char]
    case Leaf(char, weight)=> char
                              ^
2020.10.09 08:51:20 INFO  /Users/Nicolas/Desktop/MA1/FP/labs/cs210-patmat/src/main/scala/patmat/Huffman.scala:29:31: stale bloop error: Found:    patmat.CodeTree => List[Char]
Required: List[Char]
    case Leaf(char, weight)=> char
                              ^
2020.10.09 08:51:20 INFO  /Users/Nicolas/Desktop/MA1/FP/labs/cs210-patmat/src/main/scala/patmat/Huffman.scala:29:31: stale bloop error: Found:    patmat.CodeTree => List[Char]
Required: List[Char]
    case Leaf(char, weight)=> char
                              ^
2020.10.09 08:51:20 INFO  /Users/Nicolas/Desktop/MA1/FP/labs/cs210-patmat/src/main/scala/patmat/Huffman.scala:29:31: stale bloop error: Found:    patmat.CodeTree => List[Char]
Required: List[Char]
    case Leaf(char, weight)=> char
                              ^
oct. 09, 2020 8:54:54 AM org.eclipse.lsp4j.jsonrpc.RemoteEndpoint handleCancellation
AVERTISSEMENT: Unmatched cancel notification for request id 12093
2020.10.09 09:09:05 INFO  shutting down Metals
No more data in the client stdin, exiting...
No more data in the client stdin, exiting...
2020.10.09 09:09:38 INFO  started: Metals version 0.9.4 in workspace '/Users/Nicolas/Desktop/MA1/FP/labs/cs210-patmat' for client vscode.
2020.10.09 09:09:39 INFO  time: initialize in 0.95s
Starting the bsp launcher for bloop...
Opening a bsp server connection with 'bsp --protocol local --socket /var/folders/gv/9f1qr5t910dbg02_n42k2q1m0000gn/T/bsp-launcher4704624421733682471/bsp.socket'...
Waiting for the bsp connection to come up...
2020.10.09 09:09:41 INFO  skipping build import with status 'Installed'
Waiting for the bsp connection to come up...
Waiting for the bsp connection to come up...
Waiting for the bsp connection to come up...
Waiting for the bsp connection to come up...
Waiting for the bsp connection to come up...
Waiting for the bsp connection to come up...
Waiting for the bsp connection to come up...
Waiting for the bsp connection to come up...
2020.10.09 09:09:49 INFO  no build target: using presentation compiler with only scala-library
2020.10.09 09:09:49 WARN  no build target for: /Users/Nicolas/Desktop/MA1/FP/labs/cs210-patmat/src/main/scala/patmat/Huffman.scala
oct. 09, 2020 9:09:50 AM org.eclipse.lsp4j.jsonrpc.RemoteEndpoint handleCancellation
AVERTISSEMENT: Unmatched cancel notification for request id 1
Waiting for the bsp connection to come up...
Waiting for the bsp connection to come up...
Waiting for the bsp connection to come up...
Waiting for the bsp connection to come up...
Waiting for the bsp connection to come up...
Waiting for the bsp connection to come up...
Waiting for the bsp connection to come up...
Waiting for the bsp connection to come up...
Waiting for the bsp connection to come up...
Waiting for the bsp connection to come up...
Waiting for the bsp connection to come up...
Waiting for the bsp connection to come up...
Waiting for the bsp connection to come up...
Waiting for the bsp connection to come up...
Waiting for the bsp connection to come up...
Waiting for the bsp connection to come up...
Waiting for the bsp connection to come up...
Waiting for the bsp connection to come up...
Waiting for the bsp connection to come up...
Waiting for the bsp connection to come up...
Waiting for the bsp connection to come up...
Waiting for the bsp connection to come up...
error: Giving up on waiting for a connection, printing embedded bloop logs:
> [0m[32m[D][0m Loading workspace settings from bloop.settings.json
> java.lang.OutOfMemoryError: GC overhead limit exceeded
error: Trying a tcp-based connection to the server instead...
Opening a bsp server connection with 'bsp --protocol tcp --port 21346'...
Waiting for the bsp connection to come up...
Waiting for the bsp connection to come up...
Waiting for the bsp connection to come up...
Waiting for the bsp connection to come up...
Waiting for the bsp connection to come up...
Waiting for the bsp connection to come up...
Waiting for the bsp connection to come up...
Waiting for the bsp connection to come up...
Waiting for the bsp connection to come up...
Waiting for the bsp connection to come up...
Waiting for the bsp connection to come up...
Waiting for the bsp connection to come up...
Waiting for the bsp connection to come up...
Waiting for the bsp connection to come up...
Waiting for the bsp connection to come up...
Waiting for the bsp connection to come up...
Waiting for the bsp connection to come up...
Waiting for the bsp connection to come up...
Waiting for the bsp connection to come up...
Waiting for the bsp connection to come up...
Waiting for the bsp connection to come up...
Waiting for the bsp connection to come up...
Waiting for the bsp connection to come up...
Waiting for the bsp connection to come up...
Waiting for the bsp connection to come up...
Waiting for the bsp connection to come up...
Waiting for the bsp connection to come up...
Waiting for the bsp connection to come up...
Waiting for the bsp connection to come up...
Waiting for the bsp connection to come up...
Waiting for the bsp connection to come up...
error: Giving up on waiting for a connection, printing embedded bloop logs:
> 
error: The launcher failed to establish a bsp connection, aborting...
2020.10.09 09:10:48 ERROR Failed to connect with build server, no functionality will work.
java.lang.RuntimeException: The server did not start, got FailedToOpenBspConnection
	at bloop.launcher.LauncherMain.failPromise$1(Launcher.scala:95)
	at bloop.launcher.LauncherMain.runLauncher(Launcher.scala:122)
	at scala.meta.internal.metals.BloopServers$$anon$1.run(BloopServers.scala:111)
	at java.util.concurrent.Executors$RunnableAdapter.call(Executors.java:511)
	at java.util.concurrent.FutureTask.run(FutureTask.java:266)
	at java.util.concurrent.ThreadPoolExecutor.runWorker(ThreadPoolExecutor.java:1149)
	at java.util.concurrent.ThreadPoolExecutor$Worker.run(ThreadPoolExecutor.java:624)
	at java.lang.Thread.run(Thread.java:748)

2020.10.09 09:11:27 INFO  shutting down Metals
2020.10.09 09:12:58 INFO  started: Metals version 0.9.4 in workspace '/Users/Nicolas/Desktop/MA1/FP/labs/cs210-patmat' for client vscode.
2020.10.09 09:12:59 INFO  time: initialize in 0.44s
Starting the bsp launcher for bloop...
Opening a bsp server connection with 'bsp --protocol local --socket /var/folders/gv/9f1qr5t910dbg02_n42k2q1m0000gn/T/bsp-launcher3987170381824105201/bsp.socket'...
Waiting for the bsp connection to come up...
2020.10.09 09:13:00 INFO  skipping build import with status 'Installed'
Waiting for the bsp connection to come up...
Waiting for the bsp connection to come up...
Waiting for the bsp connection to come up...
Waiting for the bsp connection to come up...
Waiting for the bsp connection to come up...
Waiting for the bsp connection to come up...
Waiting for the bsp connection to come up...
Waiting for the bsp connection to come up...
Waiting for the bsp connection to come up...
Waiting for the bsp connection to come up...
Waiting for the bsp connection to come up...
Waiting for the bsp connection to come up...
Waiting for the bsp connection to come up...
Waiting for the bsp connection to come up...
Waiting for the bsp connection to come up...
Waiting for the bsp connection to come up...
Waiting for the bsp connection to come up...
Waiting for the bsp connection to come up...
Waiting for the bsp connection to come up...
[0m[32m[D][0m Loading workspace settings from bloop.settings.json
[0m[32m[D][0m Waiting for a connection at local:///var/folders/gv/9f1qr5t910dbg02_n42k2q1m0000gn/T/bsp-launcher3987170381824105201/bsp.socket...
The server is listening for incoming connections at local:///var/folders/gv/9f1qr5t910dbg02_n42k2q1m0000gn/T/bsp-launcher3987170381824105201/bsp.socket...
Starting thread that pumps stdin and redirects it to the bsp server...
Starting thread that pumps server stdout and redirects it to the client stdout...
2020.10.09 09:13:22 INFO  tracing is disabled for protocol BSP, to enable tracing of incoming and outgoing JSON messages create an empty file at /Users/Nicolas/Library/Caches/org.scalameta.metals/bsp.trace.json
2020.10.09 09:13:27 ERROR Timeout waiting for 'build/initialize' response
2020.10.09 09:13:27 ERROR Failed to connect with build server, no functionality will work.
java.util.concurrent.TimeoutException
	at java.util.concurrent.CompletableFuture.timedGet(CompletableFuture.java:1784)
	at java.util.concurrent.CompletableFuture.get(CompletableFuture.java:1928)
	at scala.meta.internal.metals.BuildServerConnection$.initialize(BuildServerConnection.scala:317)
	at scala.meta.internal.metals.BuildServerConnection$.$anonfun$fromSockets$1(BuildServerConnection.scala:252)
	at scala.util.Success.$anonfun$map$1(Try.scala:255)
	at scala.util.Success.map(Try.scala:213)
	at scala.concurrent.Future.$anonfun$map$1(Future.scala:292)
	at scala.concurrent.impl.Promise.liftedTree1$1(Promise.scala:33)
	at scala.concurrent.impl.Promise.$anonfun$transform$1(Promise.scala:33)
	at scala.concurrent.impl.CallbackRunnable.run(Promise.scala:64)
	at java.util.concurrent.ThreadPoolExecutor.runWorker(ThreadPoolExecutor.java:1149)
	at java.util.concurrent.ThreadPoolExecutor$Worker.run(ThreadPoolExecutor.java:624)
	at java.lang.Thread.run(Thread.java:748)

2020.10.09 09:13:37 INFO  shutting down Metals
2020.10.09 09:14:33 INFO  started: Metals version 0.9.4 in workspace '/Users/Nicolas/Desktop/MA1/FP/labs/cs210-patmat' for client vscode.
2020.10.09 09:14:33 INFO  time: initialize in 0.4s
Starting the bsp launcher for bloop...
Opening a bsp server connection with 'bsp --protocol local --socket /var/folders/gv/9f1qr5t910dbg02_n42k2q1m0000gn/T/bsp-launcher6055660996235141751/bsp.socket'...
Waiting for the bsp connection to come up...
2020.10.09 09:14:34 INFO  skipping build import with status 'Installed'
Waiting for the bsp connection to come up...
Waiting for the bsp connection to come up...
Waiting for the bsp connection to come up...
Waiting for the bsp connection to come up...
Waiting for the bsp connection to come up...
Waiting for the bsp connection to come up...
Waiting for the bsp connection to come up...
Waiting for the bsp connection to come up...
Waiting for the bsp connection to come up...
Waiting for the bsp connection to come up...
Waiting for the bsp connection to come up...
Waiting for the bsp connection to come up...
Waiting for the bsp connection to come up...
Waiting for the bsp connection to come up...
Waiting for the bsp connection to come up...
Waiting for the bsp connection to come up...
Waiting for the bsp connection to come up...
Waiting for the bsp connection to come up...
2020.10.09 09:14:55 INFO  no build target: using presentation compiler with only scala-library
2020.10.09 09:14:55 WARN  no build target for: /Users/Nicolas/Desktop/MA1/FP/labs/cs210-patmat/src/main/scala/patmat/Huffman.scala
oct. 09, 2020 9:14:55 AM org.eclipse.lsp4j.jsonrpc.RemoteEndpoint handleCancellation
AVERTISSEMENT: Unmatched cancel notification for request id 1
Waiting for the bsp connection to come up...
Waiting for the bsp connection to come up...
Waiting for the bsp connection to come up...
[0m[32m[D][0m Loading workspace settings from bloop.settings.json
[0m[32m[D][0m Waiting for a connection at local:///var/folders/gv/9f1qr5t910dbg02_n42k2q1m0000gn/T/bsp-launcher6055660996235141751/bsp.socket...
The server is listening for incoming connections at local:///var/folders/gv/9f1qr5t910dbg02_n42k2q1m0000gn/T/bsp-launcher6055660996235141751/bsp.socket...
Starting thread that pumps stdin and redirects it to the bsp server...
Starting thread that pumps server stdout and redirects it to the client stdout...
2020.10.09 09:14:59 INFO  tracing is disabled for protocol BSP, to enable tracing of incoming and outgoing JSON messages create an empty file at /Users/Nicolas/Library/Caches/org.scalameta.metals/bsp.trace.json
2020.10.09 09:15:04 ERROR Timeout waiting for 'build/initialize' response
2020.10.09 09:15:04 ERROR Failed to connect with build server, no functionality will work.
java.util.concurrent.TimeoutException
	at java.util.concurrent.CompletableFuture.timedGet(CompletableFuture.java:1784)
	at java.util.concurrent.CompletableFuture.get(CompletableFuture.java:1928)
	at scala.meta.internal.metals.BuildServerConnection$.initialize(BuildServerConnection.scala:317)
	at scala.meta.internal.metals.BuildServerConnection$.$anonfun$fromSockets$1(BuildServerConnection.scala:252)
	at scala.util.Success.$anonfun$map$1(Try.scala:255)
	at scala.util.Success.map(Try.scala:213)
	at scala.concurrent.Future.$anonfun$map$1(Future.scala:292)
	at scala.concurrent.impl.Promise.liftedTree1$1(Promise.scala:33)
	at scala.concurrent.impl.Promise.$anonfun$transform$1(Promise.scala:33)
	at scala.concurrent.impl.CallbackRunnable.run(Promise.scala:64)
	at java.util.concurrent.ThreadPoolExecutor.runWorker(ThreadPoolExecutor.java:1149)
	at java.util.concurrent.ThreadPoolExecutor$Worker.run(ThreadPoolExecutor.java:624)
	at java.lang.Thread.run(Thread.java:748)

2020.10.09 09:15:43 WARN  no build target for: /Users/Nicolas/Desktop/MA1/FP/labs/cs210-patmat/src/main/scala/patmat/Huffman.scala
2020.10.09 09:15:43 WARN  no build target for: /Users/Nicolas/Desktop/MA1/FP/labs/cs210-patmat/src/main/scala/patmat/Huffman.scala
2020.10.09 09:15:44 WARN  no build target for: /Users/Nicolas/Desktop/MA1/FP/labs/cs210-patmat/src/main/scala/patmat/Huffman.scala
2020.10.09 09:16:16 WARN  no build target for: /Users/Nicolas/Desktop/MA1/FP/labs/cs210-patmat/src/main/scala/patmat/Huffman.scala
2020.10.09 09:18:08 WARN  no build target for: /Users/Nicolas/Desktop/MA1/FP/labs/cs210-patmat/src/main/scala/patmat/Huffman.scala
2020.10.09 09:18:11 WARN  no build target for: /Users/Nicolas/Desktop/MA1/FP/labs/cs210-patmat/src/main/scala/patmat/Huffman.scala
2020.10.09 09:18:17 WARN  no build target for: /Users/Nicolas/Desktop/MA1/FP/labs/cs210-patmat/src/main/scala/patmat/Huffman.scala
oct. 09, 2020 9:18:19 AM org.eclipse.lsp4j.jsonrpc.RemoteEndpoint handleCancellation
AVERTISSEMENT: Unmatched cancel notification for request id 117
2020.10.09 09:18:19 WARN  no build target for: /Users/Nicolas/Desktop/MA1/FP/labs/cs210-patmat/src/main/scala/patmat/Huffman.scala
2020.10.09 09:18:23 WARN  no build target for: /Users/Nicolas/Desktop/MA1/FP/labs/cs210-patmat/src/main/scala/patmat/Huffman.scala
2020.10.09 09:18:40 WARN  no build target for: /Users/Nicolas/Desktop/MA1/FP/labs/cs210-patmat/src/main/scala/patmat/Huffman.scala
2020.10.09 09:18:42 WARN  no build target for: /Users/Nicolas/Desktop/MA1/FP/labs/cs210-patmat/src/main/scala/patmat/Huffman.scala
2020.10.09 09:18:48 WARN  no build target for: /Users/Nicolas/Desktop/MA1/FP/labs/cs210-patmat/src/main/scala/patmat/Huffman.scala
2020.10.09 09:19:05 WARN  no build target for: /Users/Nicolas/Desktop/MA1/FP/labs/cs210-patmat/src/main/scala/patmat/Huffman.scala
2020.10.09 09:19:06 WARN  no build target for: /Users/Nicolas/Desktop/MA1/FP/labs/cs210-patmat/src/main/scala/patmat/Huffman.scala
2020.10.09 09:19:08 WARN  no build target for: /Users/Nicolas/Desktop/MA1/FP/labs/cs210-patmat/src/main/scala/patmat/Huffman.scala
2020.10.09 09:19:10 WARN  no build target for: /Users/Nicolas/Desktop/MA1/FP/labs/cs210-patmat/src/main/scala/patmat/Huffman.scala
2020.10.09 09:19:11 WARN  no build target for: /Users/Nicolas/Desktop/MA1/FP/labs/cs210-patmat/src/main/scala/patmat/Huffman.scala
2020.10.09 09:19:21 WARN  no build target for: /Users/Nicolas/Desktop/MA1/FP/labs/cs210-patmat/src/main/scala/patmat/Huffman.scala
2020.10.09 09:19:27 WARN  no build target for: /Users/Nicolas/Desktop/MA1/FP/labs/cs210-patmat/src/main/scala/patmat/Huffman.scala
2020.10.09 09:19:55 WARN  no build target for: /Users/Nicolas/Desktop/MA1/FP/labs/cs210-patmat/src/main/scala/patmat/Huffman.scala
2020.10.09 09:20:06 WARN  no build target for: /Users/Nicolas/Desktop/MA1/FP/labs/cs210-patmat/src/main/scala/patmat/Huffman.scala
2020.10.09 09:20:06 WARN  no build target for: /Users/Nicolas/Desktop/MA1/FP/labs/cs210-patmat/src/main/scala/patmat/Huffman.scala
2020.10.09 09:20:55 WARN  no build target for: /Users/Nicolas/Desktop/MA1/FP/labs/cs210-patmat/src/main/scala/patmat/Huffman.scala
2020.10.09 09:20:56 WARN  no build target for: /Users/Nicolas/Desktop/MA1/FP/labs/cs210-patmat/src/main/scala/patmat/Huffman.scala
2020.10.09 09:20:56 WARN  no build target for: /Users/Nicolas/Desktop/MA1/FP/labs/cs210-patmat/src/main/scala/patmat/Huffman.scala
2020.10.09 09:20:57 WARN  no build target for: /Users/Nicolas/Desktop/MA1/FP/labs/cs210-patmat/src/main/scala/patmat/Huffman.scala
2020.10.09 09:20:59 WARN  no build target for: /Users/Nicolas/Desktop/MA1/FP/labs/cs210-patmat/src/main/scala/patmat/Huffman.scala
2020.10.09 09:20:59 WARN  no build target for: /Users/Nicolas/Desktop/MA1/FP/labs/cs210-patmat/src/main/scala/patmat/Huffman.scala
2020.10.09 09:21:01 WARN  no build target for: /Users/Nicolas/Desktop/MA1/FP/labs/cs210-patmat/src/main/scala/patmat/Huffman.scala
2020.10.09 09:21:01 WARN  no build target for: /Users/Nicolas/Desktop/MA1/FP/labs/cs210-patmat/src/main/scala/patmat/Huffman.scala
2020.10.09 09:21:01 WARN  no build target for: /Users/Nicolas/Desktop/MA1/FP/labs/cs210-patmat/src/main/scala/patmat/Huffman.scala
2020.10.09 09:21:02 WARN  no build target for: /Users/Nicolas/Desktop/MA1/FP/labs/cs210-patmat/src/main/scala/patmat/Huffman.scala
2020.10.09 09:21:02 WARN  no build target for: /Users/Nicolas/Desktop/MA1/FP/labs/cs210-patmat/src/main/scala/patmat/Huffman.scala
2020.10.09 09:21:02 WARN  no build target for: /Users/Nicolas/Desktop/MA1/FP/labs/cs210-patmat/src/main/scala/patmat/Huffman.scala
2020.10.09 09:21:05 WARN  no build target for: /Users/Nicolas/Desktop/MA1/FP/labs/cs210-patmat/src/main/scala/patmat/Huffman.scala
2020.10.09 09:21:07 WARN  no build target for: /Users/Nicolas/Desktop/MA1/FP/labs/cs210-patmat/src/main/scala/patmat/Huffman.scala
2020.10.09 09:21:08 WARN  no build target for: /Users/Nicolas/Desktop/MA1/FP/labs/cs210-patmat/src/main/scala/patmat/Huffman.scala
2020.10.09 09:21:09 WARN  no build target for: /Users/Nicolas/Desktop/MA1/FP/labs/cs210-patmat/src/main/scala/patmat/Huffman.scala
2020.10.09 09:21:39 WARN  no build target for: /Users/Nicolas/Desktop/MA1/FP/labs/cs210-patmat/src/main/scala/patmat/Huffman.scala
2020.10.09 09:25:09 WARN  no build target for: /Users/Nicolas/Desktop/MA1/FP/labs/cs210-patmat/src/main/scala/patmat/Huffman.scala
2020.10.09 09:25:09 WARN  no build target for: /Users/Nicolas/Desktop/MA1/FP/labs/cs210-patmat/src/main/scala/patmat/Huffman.scala
2020.10.09 09:25:11 WARN  no build target for: /Users/Nicolas/Desktop/MA1/FP/labs/cs210-patmat/src/main/scala/patmat/Huffman.scala
2020.10.09 09:25:11 WARN  no build target for: /Users/Nicolas/Desktop/MA1/FP/labs/cs210-patmat/src/main/scala/patmat/Huffman.scala
2020.10.09 09:25:50 WARN  no build target for: /Users/Nicolas/Desktop/MA1/FP/labs/cs210-patmat/src/main/scala/patmat/Huffman.scala
2020.10.09 09:26:02 WARN  no build target for: /Users/Nicolas/Desktop/MA1/FP/labs/cs210-patmat/src/main/scala/patmat/Huffman.scala
2020.10.09 09:26:24 WARN  code navigation does not work for the file '/Users/Nicolas/Desktop/MA1/FP/labs/cs210-patmat/src/main/scala/patmat/Huffman.scala' because it doesn't belong to a build target.
2020.10.09 09:26:24 WARN  code navigation does not work for the file '/Users/Nicolas/Desktop/MA1/FP/labs/cs210-patmat/src/main/scala/patmat/Huffman.scala' because it doesn't belong to a build target.
2020.10.09 09:26:24 WARN  no build target for: /Users/Nicolas/Desktop/MA1/FP/labs/cs210-patmat/src/main/scala/patmat/Huffman.scala
2020.10.09 09:27:04 WARN  no build target for: /Users/Nicolas/Desktop/MA1/FP/labs/cs210-patmat/src/main/scala/patmat/Huffman.scala
2020.10.09 09:27:04 WARN  no build target for: /Users/Nicolas/Desktop/MA1/FP/labs/cs210-patmat/src/main/scala/patmat/Huffman.scala
2020.10.09 09:27:06 WARN  no build target for: /Users/Nicolas/Desktop/MA1/FP/labs/cs210-patmat/src/main/scala/patmat/Huffman.scala
2020.10.09 09:27:23 WARN  no build target for: /Users/Nicolas/Desktop/MA1/FP/labs/cs210-patmat/src/main/scala/patmat/Huffman.scala
2020.10.09 09:27:38 WARN  no build target for: /Users/Nicolas/Desktop/MA1/FP/labs/cs210-patmat/src/main/scala/patmat/Huffman.scala
2020.10.09 09:28:15 WARN  no build target for: /Users/Nicolas/Desktop/MA1/FP/labs/cs210-patmat/src/main/scala/patmat/Huffman.scala
2020.10.09 09:28:15 WARN  no build target for: /Users/Nicolas/Desktop/MA1/FP/labs/cs210-patmat/src/main/scala/patmat/Huffman.scala
2020.10.09 09:28:17 WARN  no build target for: /Users/Nicolas/Desktop/MA1/FP/labs/cs210-patmat/src/main/scala/patmat/Huffman.scala
2020.10.09 09:28:17 WARN  no build target for: /Users/Nicolas/Desktop/MA1/FP/labs/cs210-patmat/src/main/scala/patmat/Huffman.scala
2020.10.09 09:28:18 WARN  no build target for: /Users/Nicolas/Desktop/MA1/FP/labs/cs210-patmat/src/main/scala/patmat/Huffman.scala
2020.10.09 09:28:21 WARN  no build target for: /Users/Nicolas/Desktop/MA1/FP/labs/cs210-patmat/src/main/scala/patmat/Huffman.scala
2020.10.09 09:28:21 WARN  no build target for: /Users/Nicolas/Desktop/MA1/FP/labs/cs210-patmat/src/main/scala/patmat/Huffman.scala
2020.10.09 09:28:23 WARN  no build target for: /Users/Nicolas/Desktop/MA1/FP/labs/cs210-patmat/src/main/scala/patmat/Huffman.scala
2020.10.09 09:28:28 WARN  no build target for: /Users/Nicolas/Desktop/MA1/FP/labs/cs210-patmat/src/main/scala/patmat/Huffman.scala
2020.10.09 09:28:28 WARN  no build target for: /Users/Nicolas/Desktop/MA1/FP/labs/cs210-patmat/src/main/scala/patmat/Huffman.scala
2020.10.09 09:28:29 WARN  no build target for: /Users/Nicolas/Desktop/MA1/FP/labs/cs210-patmat/src/main/scala/patmat/Huffman.scala
2020.10.09 09:28:33 WARN  no build target for: /Users/Nicolas/Desktop/MA1/FP/labs/cs210-patmat/src/main/scala/patmat/Huffman.scala
2020.10.09 09:28:33 WARN  no build target for: /Users/Nicolas/Desktop/MA1/FP/labs/cs210-patmat/src/main/scala/patmat/Huffman.scala
2020.10.09 09:28:36 WARN  no build target for: /Users/Nicolas/Desktop/MA1/FP/labs/cs210-patmat/src/main/scala/patmat/Huffman.scala
oct. 09, 2020 9:28:37 AM org.eclipse.lsp4j.jsonrpc.RemoteEndpoint handleCancellation
AVERTISSEMENT: Unmatched cancel notification for request id 569
2020.10.09 09:28:37 WARN  no build target for: /Users/Nicolas/Desktop/MA1/FP/labs/cs210-patmat/src/main/scala/patmat/Huffman.scala
2020.10.09 09:28:39 WARN  no build target for: /Users/Nicolas/Desktop/MA1/FP/labs/cs210-patmat/src/main/scala/patmat/Huffman.scala
2020.10.09 09:28:39 WARN  no build target for: /Users/Nicolas/Desktop/MA1/FP/labs/cs210-patmat/src/main/scala/patmat/Huffman.scala
oct. 09, 2020 9:31:44 AM org.eclipse.lsp4j.jsonrpc.RemoteEndpoint handleCancellation
AVERTISSEMENT: Unmatched cancel notification for request id 584
2020.10.09 09:31:44 WARN  no build target for: /Users/Nicolas/Desktop/MA1/FP/labs/cs210-patmat/src/main/scala/patmat/Huffman.scala
2020.10.09 09:31:44 WARN  no build target for: /Users/Nicolas/Desktop/MA1/FP/labs/cs210-patmat/src/main/scala/patmat/Huffman.scala
oct. 09, 2020 9:31:45 AM org.eclipse.lsp4j.jsonrpc.RemoteEndpoint handleCancellation
AVERTISSEMENT: Unmatched cancel notification for request id 600
2020.10.09 09:31:46 WARN  no build target for: /Users/Nicolas/Desktop/MA1/FP/labs/cs210-patmat/src/main/scala/patmat/Huffman.scala
2020.10.09 09:31:46 WARN  no build target for: /Users/Nicolas/Desktop/MA1/FP/labs/cs210-patmat/src/main/scala/patmat/Huffman.scala
2020.10.09 09:31:47 WARN  no build target for: /Users/Nicolas/Desktop/MA1/FP/labs/cs210-patmat/src/main/scala/patmat/Huffman.scala
2020.10.09 09:31:47 WARN  no build target for: /Users/Nicolas/Desktop/MA1/FP/labs/cs210-patmat/src/main/scala/patmat/Huffman.scala
2020.10.09 09:31:49 WARN  no build target for: /Users/Nicolas/Desktop/MA1/FP/labs/cs210-patmat/src/main/scala/patmat/Huffman.scala
2020.10.09 09:31:49 WARN  no build target for: /Users/Nicolas/Desktop/MA1/FP/labs/cs210-patmat/src/main/scala/patmat/Huffman.scala
2020.10.09 09:32:47 WARN  no build target for: /Users/Nicolas/Desktop/MA1/FP/labs/cs210-patmat/src/main/scala/patmat/Huffman.scala
2020.10.09 09:32:47 WARN  no build target for: /Users/Nicolas/Desktop/MA1/FP/labs/cs210-patmat/src/main/scala/patmat/Huffman.scala
2020.10.09 09:32:47 WARN  no build target for: /Users/Nicolas/Desktop/MA1/FP/labs/cs210-patmat/src/main/scala/patmat/Huffman.scala
2020.10.09 09:33:51 WARN  no build target for: /Users/Nicolas/Desktop/MA1/FP/labs/cs210-patmat/src/main/scala/patmat/Huffman.scala
2020.10.09 09:33:54 WARN  no build target for: /Users/Nicolas/Desktop/MA1/FP/labs/cs210-patmat/src/main/scala/patmat/Huffman.scala
2020.10.09 09:33:57 WARN  no build target for: /Users/Nicolas/Desktop/MA1/FP/labs/cs210-patmat/src/main/scala/patmat/Huffman.scala
2020.10.09 09:34:00 WARN  no build target for: /Users/Nicolas/Desktop/MA1/FP/labs/cs210-patmat/src/main/scala/patmat/Huffman.scala
2020.10.09 09:34:02 WARN  no build target for: /Users/Nicolas/Desktop/MA1/FP/labs/cs210-patmat/src/main/scala/patmat/Huffman.scala
2020.10.09 09:34:03 WARN  no build target for: /Users/Nicolas/Desktop/MA1/FP/labs/cs210-patmat/src/main/scala/patmat/Huffman.scala
2020.10.09 09:34:05 WARN  no build target for: /Users/Nicolas/Desktop/MA1/FP/labs/cs210-patmat/src/main/scala/patmat/Huffman.scala
2020.10.09 09:34:10 WARN  no build target for: /Users/Nicolas/Desktop/MA1/FP/labs/cs210-patmat/src/main/scala/patmat/Huffman.scala
2020.10.09 09:34:10 WARN  no build target for: /Users/Nicolas/Desktop/MA1/FP/labs/cs210-patmat/src/main/scala/patmat/Huffman.scala
2020.10.09 09:34:12 WARN  no build target for: /Users/Nicolas/Desktop/MA1/FP/labs/cs210-patmat/src/main/scala/patmat/Huffman.scala
2020.10.09 09:34:14 WARN  no build target for: /Users/Nicolas/Desktop/MA1/FP/labs/cs210-patmat/src/main/scala/patmat/Huffman.scala
2020.10.09 09:34:14 WARN  no build target for: /Users/Nicolas/Desktop/MA1/FP/labs/cs210-patmat/src/main/scala/patmat/Huffman.scala
2020.10.09 09:34:17 WARN  no build target for: /Users/Nicolas/Desktop/MA1/FP/labs/cs210-patmat/src/main/scala/patmat/Huffman.scala
2020.10.09 09:34:59 WARN  no build target for: /Users/Nicolas/Desktop/MA1/FP/labs/cs210-patmat/src/main/scala/patmat/Huffman.scala
2020.10.09 09:36:43 WARN  no build target for: /Users/Nicolas/Desktop/MA1/FP/labs/cs210-patmat/src/main/scala/patmat/Huffman.scala
2020.10.09 09:36:44 WARN  no build target for: /Users/Nicolas/Desktop/MA1/FP/labs/cs210-patmat/src/main/scala/patmat/Huffman.scala
2020.10.09 09:36:44 WARN  no build target for: /Users/Nicolas/Desktop/MA1/FP/labs/cs210-patmat/src/main/scala/patmat/Huffman.scala
2020.10.09 09:36:44 WARN  no build target for: /Users/Nicolas/Desktop/MA1/FP/labs/cs210-patmat/src/main/scala/patmat/Huffman.scala
2020.10.09 09:36:47 WARN  no build target for: /Users/Nicolas/Desktop/MA1/FP/labs/cs210-patmat/src/main/scala/patmat/Huffman.scala
2020.10.09 09:36:47 WARN  no build target for: /Users/Nicolas/Desktop/MA1/FP/labs/cs210-patmat/src/main/scala/patmat/Huffman.scala
2020.10.09 09:36:48 WARN  no build target for: /Users/Nicolas/Desktop/MA1/FP/labs/cs210-patmat/src/main/scala/patmat/Huffman.scala
2020.10.09 09:36:48 WARN  no build target for: /Users/Nicolas/Desktop/MA1/FP/labs/cs210-patmat/src/main/scala/patmat/Huffman.scala
2020.10.09 09:40:06 WARN  no build target for: /Users/Nicolas/Desktop/MA1/FP/labs/cs210-patmat/src/main/scala/patmat/Huffman.scala
2020.10.09 09:40:06 WARN  no build target for: /Users/Nicolas/Desktop/MA1/FP/labs/cs210-patmat/src/main/scala/patmat/Huffman.scala
2020.10.09 09:40:06 WARN  no build target for: /Users/Nicolas/Desktop/MA1/FP/labs/cs210-patmat/src/main/scala/patmat/Huffman.scala
2020.10.09 09:40:08 WARN  no build target for: /Users/Nicolas/Desktop/MA1/FP/labs/cs210-patmat/src/main/scala/patmat/Huffman.scala
2020.10.09 09:40:12 WARN  no build target for: /Users/Nicolas/Desktop/MA1/FP/labs/cs210-patmat/src/main/scala/patmat/Huffman.scala
2020.10.09 09:42:28 WARN  no build target for: /Users/Nicolas/Desktop/MA1/FP/labs/cs210-patmat/src/main/scala/patmat/Huffman.scala
2020.10.09 09:42:28 WARN  no build target for: /Users/Nicolas/Desktop/MA1/FP/labs/cs210-patmat/src/main/scala/patmat/Huffman.scala
2020.10.09 09:42:28 WARN  no build target for: /Users/Nicolas/Desktop/MA1/FP/labs/cs210-patmat/src/main/scala/patmat/Huffman.scala
2020.10.09 09:42:29 WARN  no build target for: /Users/Nicolas/Desktop/MA1/FP/labs/cs210-patmat/src/main/scala/patmat/Huffman.scala
2020.10.09 09:42:29 WARN  no build target for: /Users/Nicolas/Desktop/MA1/FP/labs/cs210-patmat/src/main/scala/patmat/Huffman.scala
2020.10.09 09:43:29 WARN  no build target for: /Users/Nicolas/Desktop/MA1/FP/labs/cs210-patmat/src/test/scala/patmat/HuffmanSuite.scala
2020.10.09 09:46:40 WARN  no build target for: /Users/Nicolas/Desktop/MA1/FP/labs/cs210-patmat/src/main/scala/patmat/Huffman.scala
2020.10.09 09:46:40 WARN  no build target for: /Users/Nicolas/Desktop/MA1/FP/labs/cs210-patmat/src/main/scala/patmat/Huffman.scala
2020.10.09 09:46:44 WARN  no build target for: /Users/Nicolas/Desktop/MA1/FP/labs/cs210-patmat/src/main/scala/patmat/Huffman.scala
2020.10.09 09:46:44 WARN  no build target for: /Users/Nicolas/Desktop/MA1/FP/labs/cs210-patmat/src/main/scala/patmat/Huffman.scala
2020.10.09 09:46:46 WARN  no build target for: /Users/Nicolas/Desktop/MA1/FP/labs/cs210-patmat/src/main/scala/patmat/Huffman.scala
2020.10.09 09:46:46 WARN  no build target for: /Users/Nicolas/Desktop/MA1/FP/labs/cs210-patmat/src/main/scala/patmat/Huffman.scala
2020.10.09 09:47:21 WARN  no build target for: /Users/Nicolas/Desktop/MA1/FP/labs/cs210-patmat/src/main/scala/patmat/Huffman.scala
2020.10.09 09:47:21 WARN  no build target for: /Users/Nicolas/Desktop/MA1/FP/labs/cs210-patmat/src/main/scala/patmat/Huffman.scala
2020.10.09 09:47:23 WARN  no build target for: /Users/Nicolas/Desktop/MA1/FP/labs/cs210-patmat/src/main/scala/patmat/Huffman.scala
2020.10.09 09:47:23 WARN  no build target for: /Users/Nicolas/Desktop/MA1/FP/labs/cs210-patmat/src/main/scala/patmat/Huffman.scala
2020.10.09 09:47:41 WARN  no build target for: /Users/Nicolas/Desktop/MA1/FP/labs/cs210-patmat/src/main/scala/patmat/Huffman.scala
2020.10.09 09:48:05 WARN  no build target for: /Users/Nicolas/Desktop/MA1/FP/labs/cs210-patmat/src/main/scala/patmat/Huffman.scala
2020.10.09 09:48:05 WARN  no build target for: /Users/Nicolas/Desktop/MA1/FP/labs/cs210-patmat/src/main/scala/patmat/Huffman.scala
2020.10.09 09:48:05 WARN  no build target for: /Users/Nicolas/Desktop/MA1/FP/labs/cs210-patmat/src/main/scala/patmat/Huffman.scala
2020.10.09 09:48:07 WARN  no build target for: /Users/Nicolas/Desktop/MA1/FP/labs/cs210-patmat/src/main/scala/patmat/Huffman.scala
2020.10.09 09:48:21 WARN  no build target for: /Users/Nicolas/Desktop/MA1/FP/labs/cs210-patmat/src/main/scala/patmat/Huffman.scala
2020.10.09 09:48:23 WARN  no build target for: /Users/Nicolas/Desktop/MA1/FP/labs/cs210-patmat/src/main/scala/patmat/Huffman.scala
2020.10.09 09:48:24 WARN  no build target for: /Users/Nicolas/Desktop/MA1/FP/labs/cs210-patmat/src/main/scala/patmat/Huffman.scala
2020.10.09 09:48:24 WARN  no build target for: /Users/Nicolas/Desktop/MA1/FP/labs/cs210-patmat/src/main/scala/patmat/Huffman.scala
2020.10.09 09:48:26 WARN  no build target for: /Users/Nicolas/Desktop/MA1/FP/labs/cs210-patmat/src/main/scala/patmat/Huffman.scala
2020.10.09 09:48:26 WARN  no build target for: /Users/Nicolas/Desktop/MA1/FP/labs/cs210-patmat/src/main/scala/patmat/Huffman.scala
2020.10.09 09:48:27 WARN  no build target for: /Users/Nicolas/Desktop/MA1/FP/labs/cs210-patmat/src/main/scala/patmat/Huffman.scala
2020.10.09 09:48:27 WARN  no build target for: /Users/Nicolas/Desktop/MA1/FP/labs/cs210-patmat/src/main/scala/patmat/Huffman.scala
2020.10.09 09:48:28 WARN  no build target for: /Users/Nicolas/Desktop/MA1/FP/labs/cs210-patmat/src/main/scala/patmat/Huffman.scala
2020.10.09 09:48:28 WARN  no build target for: /Users/Nicolas/Desktop/MA1/FP/labs/cs210-patmat/src/main/scala/patmat/Huffman.scala
2020.10.09 09:48:28 WARN  no build target for: /Users/Nicolas/Desktop/MA1/FP/labs/cs210-patmat/src/main/scala/patmat/Huffman.scala
2020.10.09 09:48:30 WARN  no build target for: /Users/Nicolas/Desktop/MA1/FP/labs/cs210-patmat/src/main/scala/patmat/Huffman.scala
2020.10.09 09:48:30 WARN  no build target for: /Users/Nicolas/Desktop/MA1/FP/labs/cs210-patmat/src/main/scala/patmat/Huffman.scala
2020.10.09 09:48:32 WARN  no build target for: /Users/Nicolas/Desktop/MA1/FP/labs/cs210-patmat/src/main/scala/patmat/Huffman.scala
2020.10.09 09:48:36 WARN  no build target for: /Users/Nicolas/Desktop/MA1/FP/labs/cs210-patmat/src/main/scala/patmat/Huffman.scala
2020.10.09 09:48:36 WARN  no build target for: /Users/Nicolas/Desktop/MA1/FP/labs/cs210-patmat/src/main/scala/patmat/Huffman.scala
2020.10.09 09:48:37 WARN  no build target for: /Users/Nicolas/Desktop/MA1/FP/labs/cs210-patmat/src/main/scala/patmat/Huffman.scala
2020.10.09 09:48:37 WARN  no build target for: /Users/Nicolas/Desktop/MA1/FP/labs/cs210-patmat/src/main/scala/patmat/Huffman.scala
2020.10.09 09:48:37 WARN  no build target for: /Users/Nicolas/Desktop/MA1/FP/labs/cs210-patmat/src/main/scala/patmat/Huffman.scala
2020.10.09 09:48:38 WARN  no build target for: /Users/Nicolas/Desktop/MA1/FP/labs/cs210-patmat/src/main/scala/patmat/Huffman.scala
2020.10.09 09:48:41 WARN  no build target for: /Users/Nicolas/Desktop/MA1/FP/labs/cs210-patmat/src/main/scala/patmat/Huffman.scala
2020.10.09 09:48:42 WARN  no build target for: /Users/Nicolas/Desktop/MA1/FP/labs/cs210-patmat/src/main/scala/patmat/Huffman.scala
oct. 09, 2020 9:48:44 AM org.eclipse.lsp4j.jsonrpc.RemoteEndpoint handleCancellation
AVERTISSEMENT: Unmatched cancel notification for request id 1079
2020.10.09 09:48:44 WARN  no build target for: /Users/Nicolas/Desktop/MA1/FP/labs/cs210-patmat/src/main/scala/patmat/Huffman.scala
2020.10.09 09:48:44 WARN  no build target for: /Users/Nicolas/Desktop/MA1/FP/labs/cs210-patmat/src/main/scala/patmat/Huffman.scala
2020.10.09 09:50:54 WARN  no build target for: /Users/Nicolas/Desktop/MA1/FP/labs/cs210-patmat/src/main/scala/patmat/Huffman.scala
2020.10.09 09:51:02 WARN  no build target for: /Users/Nicolas/Desktop/MA1/FP/labs/cs210-patmat/src/main/scala/patmat/Huffman.scala
2020.10.09 09:51:02 WARN  no build target for: /Users/Nicolas/Desktop/MA1/FP/labs/cs210-patmat/src/main/scala/patmat/Huffman.scala
2020.10.09 09:51:05 WARN  no build target for: /Users/Nicolas/Desktop/MA1/FP/labs/cs210-patmat/src/main/scala/patmat/Huffman.scala
2020.10.09 09:54:26 WARN  no build target for: /Users/Nicolas/Desktop/MA1/FP/labs/cs210-patmat/src/main/scala/patmat/Huffman.scala
2020.10.09 09:54:26 WARN  no build target for: /Users/Nicolas/Desktop/MA1/FP/labs/cs210-patmat/src/main/scala/patmat/Huffman.scala
2020.10.09 09:54:28 WARN  no build target for: /Users/Nicolas/Desktop/MA1/FP/labs/cs210-patmat/src/main/scala/patmat/Huffman.scala
2020.10.09 09:54:31 WARN  no build target for: /Users/Nicolas/Desktop/MA1/FP/labs/cs210-patmat/src/main/scala/patmat/Huffman.scala
2020.10.09 09:56:03 WARN  no build target for: /Users/Nicolas/Desktop/MA1/FP/labs/cs210-patmat/src/main/scala/patmat/Huffman.scala
2020.10.09 09:56:06 WARN  no build target for: /Users/Nicolas/Desktop/MA1/FP/labs/cs210-patmat/src/main/scala/patmat/Huffman.scala
2020.10.09 09:56:07 WARN  no build target for: /Users/Nicolas/Desktop/MA1/FP/labs/cs210-patmat/src/main/scala/patmat/Huffman.scala
2020.10.09 09:56:07 WARN  no build target for: /Users/Nicolas/Desktop/MA1/FP/labs/cs210-patmat/src/main/scala/patmat/Huffman.scala
2020.10.09 09:56:09 WARN  no build target for: /Users/Nicolas/Desktop/MA1/FP/labs/cs210-patmat/src/main/scala/patmat/Huffman.scala
2020.10.09 09:56:09 WARN  no build target for: /Users/Nicolas/Desktop/MA1/FP/labs/cs210-patmat/src/main/scala/patmat/Huffman.scala
2020.10.09 09:56:09 WARN  no build target for: /Users/Nicolas/Desktop/MA1/FP/labs/cs210-patmat/src/main/scala/patmat/Huffman.scala
2020.10.09 09:56:10 WARN  no build target for: /Users/Nicolas/Desktop/MA1/FP/labs/cs210-patmat/src/main/scala/patmat/Huffman.scala
2020.10.09 09:56:10 WARN  no build target for: /Users/Nicolas/Desktop/MA1/FP/labs/cs210-patmat/src/main/scala/patmat/Huffman.scala
2020.10.09 09:57:24 WARN  no build target for: /Users/Nicolas/Desktop/MA1/FP/labs/cs210-patmat/src/main/scala/patmat/Huffman.scala
2020.10.09 09:57:24 WARN  no build target for: /Users/Nicolas/Desktop/MA1/FP/labs/cs210-patmat/src/main/scala/patmat/Huffman.scala
2020.10.09 09:57:26 WARN  no build target for: /Users/Nicolas/Desktop/MA1/FP/labs/cs210-patmat/src/main/scala/patmat/Huffman.scala
2020.10.09 09:57:41 WARN  no build target for: /Users/Nicolas/Desktop/MA1/FP/labs/cs210-patmat/src/main/scala/patmat/Huffman.scala
2020.10.09 09:57:42 WARN  no build target for: /Users/Nicolas/Desktop/MA1/FP/labs/cs210-patmat/src/main/scala/patmat/Huffman.scala
2020.10.09 09:57:42 WARN  no build target for: /Users/Nicolas/Desktop/MA1/FP/labs/cs210-patmat/src/main/scala/patmat/Huffman.scala
2020.10.09 09:57:44 WARN  no build target for: /Users/Nicolas/Desktop/MA1/FP/labs/cs210-patmat/src/main/scala/patmat/Huffman.scala
2020.10.09 09:57:52 WARN  no build target for: /Users/Nicolas/Desktop/MA1/FP/labs/cs210-patmat/src/main/scala/patmat/Huffman.scala
2020.10.09 09:57:54 WARN  no build target for: /Users/Nicolas/Desktop/MA1/FP/labs/cs210-patmat/src/main/scala/patmat/Huffman.scala
2020.10.09 09:58:18 WARN  no build target for: /Users/Nicolas/Desktop/MA1/FP/labs/cs210-patmat/src/main/scala/patmat/Huffman.scala
2020.10.09 09:58:22 WARN  no build target for: /Users/Nicolas/Desktop/MA1/FP/labs/cs210-patmat/src/main/scala/patmat/Huffman.scala
2020.10.09 09:58:22 WARN  no build target for: /Users/Nicolas/Desktop/MA1/FP/labs/cs210-patmat/src/main/scala/patmat/Huffman.scala
2020.10.09 09:58:23 WARN  no build target for: /Users/Nicolas/Desktop/MA1/FP/labs/cs210-patmat/src/main/scala/patmat/Huffman.scala
2020.10.09 09:58:23 WARN  no build target for: /Users/Nicolas/Desktop/MA1/FP/labs/cs210-patmat/src/main/scala/patmat/Huffman.scala
2020.10.09 09:58:25 WARN  no build target for: /Users/Nicolas/Desktop/MA1/FP/labs/cs210-patmat/src/main/scala/patmat/Huffman.scala
2020.10.09 09:58:25 WARN  no build target for: /Users/Nicolas/Desktop/MA1/FP/labs/cs210-patmat/src/main/scala/patmat/Huffman.scala
2020.10.09 09:58:27 WARN  no build target for: /Users/Nicolas/Desktop/MA1/FP/labs/cs210-patmat/src/main/scala/patmat/Huffman.scala
2020.10.09 09:58:27 WARN  no build target for: /Users/Nicolas/Desktop/MA1/FP/labs/cs210-patmat/src/main/scala/patmat/Huffman.scala
2020.10.09 09:58:38 WARN  no build target for: /Users/Nicolas/Desktop/MA1/FP/labs/cs210-patmat/src/main/scala/patmat/Huffman.scala
2020.10.09 09:58:38 WARN  no build target for: /Users/Nicolas/Desktop/MA1/FP/labs/cs210-patmat/src/main/scala/patmat/Huffman.scala
2020.10.09 09:58:40 WARN  no build target for: /Users/Nicolas/Desktop/MA1/FP/labs/cs210-patmat/src/main/scala/patmat/Huffman.scala
2020.10.09 09:58:40 WARN  no build target for: /Users/Nicolas/Desktop/MA1/FP/labs/cs210-patmat/src/main/scala/patmat/Huffman.scala
2020.10.09 09:58:53 WARN  no build target for: /Users/Nicolas/Desktop/MA1/FP/labs/cs210-patmat/src/main/scala/patmat/Huffman.scala
2020.10.09 09:58:55 WARN  no build target for: /Users/Nicolas/Desktop/MA1/FP/labs/cs210-patmat/src/main/scala/patmat/Huffman.scala
2020.10.09 09:59:17 WARN  no build target for: /Users/Nicolas/Desktop/MA1/FP/labs/cs210-patmat/src/main/scala/patmat/Huffman.scala
2020.10.09 09:59:19 WARN  no build target for: /Users/Nicolas/Desktop/MA1/FP/labs/cs210-patmat/src/main/scala/patmat/Huffman.scala
2020.10.09 09:59:20 WARN  no build target for: /Users/Nicolas/Desktop/MA1/FP/labs/cs210-patmat/src/main/scala/patmat/Huffman.scala
2020.10.09 09:59:20 WARN  no build target for: /Users/Nicolas/Desktop/MA1/FP/labs/cs210-patmat/src/main/scala/patmat/Huffman.scala
2020.10.09 09:59:22 WARN  no build target for: /Users/Nicolas/Desktop/MA1/FP/labs/cs210-patmat/src/main/scala/patmat/Huffman.scala
2020.10.09 09:59:27 WARN  no build target for: /Users/Nicolas/Desktop/MA1/FP/labs/cs210-patmat/src/main/scala/patmat/Huffman.scala
2020.10.09 09:59:27 WARN  no build target for: /Users/Nicolas/Desktop/MA1/FP/labs/cs210-patmat/src/main/scala/patmat/Huffman.scala
2020.10.09 09:59:33 WARN  no build target for: /Users/Nicolas/Desktop/MA1/FP/labs/cs210-patmat/src/main/scala/patmat/Huffman.scala
2020.10.09 09:59:33 WARN  no build target for: /Users/Nicolas/Desktop/MA1/FP/labs/cs210-patmat/src/main/scala/patmat/Huffman.scala
oct. 09, 2020 9:59:36 AM org.eclipse.lsp4j.jsonrpc.RemoteEndpoint handleCancellation
AVERTISSEMENT: Unmatched cancel notification for request id 1456
2020.10.09 09:59:36 WARN  no build target for: /Users/Nicolas/Desktop/MA1/FP/labs/cs210-patmat/src/main/scala/patmat/Huffman.scala
2020.10.09 09:59:39 WARN  no build target for: /Users/Nicolas/Desktop/MA1/FP/labs/cs210-patmat/src/main/scala/patmat/Huffman.scala
2020.10.09 09:59:39 WARN  no build target for: /Users/Nicolas/Desktop/MA1/FP/labs/cs210-patmat/src/main/scala/patmat/Huffman.scala
2020.10.09 09:59:47 WARN  no build target for: /Users/Nicolas/Desktop/MA1/FP/labs/cs210-patmat/src/main/scala/patmat/Huffman.scala
2020.10.09 10:00:00 WARN  no build target for: /Users/Nicolas/Desktop/MA1/FP/labs/cs210-patmat/src/main/scala/patmat/Huffman.scala
2020.10.09 10:00:01 WARN  no build target for: /Users/Nicolas/Desktop/MA1/FP/labs/cs210-patmat/src/main/scala/patmat/Huffman.scala
2020.10.09 10:00:01 WARN  no build target for: /Users/Nicolas/Desktop/MA1/FP/labs/cs210-patmat/src/main/scala/patmat/Huffman.scala
2020.10.09 10:00:02 WARN  no build target for: /Users/Nicolas/Desktop/MA1/FP/labs/cs210-patmat/src/main/scala/patmat/Huffman.scala
2020.10.09 10:00:06 WARN  no build target for: /Users/Nicolas/Desktop/MA1/FP/labs/cs210-patmat/src/main/scala/patmat/Huffman.scala
2020.10.09 10:00:08 WARN  no build target for: /Users/Nicolas/Desktop/MA1/FP/labs/cs210-patmat/src/main/scala/patmat/Huffman.scala
2020.10.09 10:00:08 WARN  no build target for: /Users/Nicolas/Desktop/MA1/FP/labs/cs210-patmat/src/main/scala/patmat/Huffman.scala
2020.10.09 10:00:10 WARN  no build target for: /Users/Nicolas/Desktop/MA1/FP/labs/cs210-patmat/src/main/scala/patmat/Huffman.scala
2020.10.09 10:00:18 WARN  no build target for: /Users/Nicolas/Desktop/MA1/FP/labs/cs210-patmat/src/main/scala/patmat/Huffman.scala
2020.10.09 10:00:20 WARN  no build target for: /Users/Nicolas/Desktop/MA1/FP/labs/cs210-patmat/src/main/scala/patmat/Huffman.scala
2020.10.09 10:00:20 WARN  no build target for: /Users/Nicolas/Desktop/MA1/FP/labs/cs210-patmat/src/main/scala/patmat/Huffman.scala
2020.10.09 10:00:22 WARN  no build target for: /Users/Nicolas/Desktop/MA1/FP/labs/cs210-patmat/src/main/scala/patmat/Huffman.scala
oct. 09, 2020 10:00:23 AM org.eclipse.lsp4j.jsonrpc.RemoteEndpoint handleCancellation
AVERTISSEMENT: Unmatched cancel notification for request id 1550
2020.10.09 10:00:23 WARN  no build target for: /Users/Nicolas/Desktop/MA1/FP/labs/cs210-patmat/src/main/scala/patmat/Huffman.scala
2020.10.09 10:00:27 WARN  no build target for: /Users/Nicolas/Desktop/MA1/FP/labs/cs210-patmat/src/main/scala/patmat/Huffman.scala
2020.10.09 10:00:34 WARN  no build target for: /Users/Nicolas/Desktop/MA1/FP/labs/cs210-patmat/src/main/scala/patmat/Huffman.scala
2020.10.09 10:01:06 WARN  no build target for: /Users/Nicolas/Desktop/MA1/FP/labs/cs210-patmat/src/main/scala/patmat/Huffman.scala
2020.10.09 10:01:12 WARN  no build target for: /Users/Nicolas/Desktop/MA1/FP/labs/cs210-patmat/src/main/scala/patmat/Huffman.scala
2020.10.09 10:01:13 WARN  no build target for: /Users/Nicolas/Desktop/MA1/FP/labs/cs210-patmat/src/main/scala/patmat/Huffman.scala
2020.10.09 10:01:14 WARN  no build target for: /Users/Nicolas/Desktop/MA1/FP/labs/cs210-patmat/src/main/scala/patmat/Huffman.scala
2020.10.09 10:01:17 WARN  no build target for: /Users/Nicolas/Desktop/MA1/FP/labs/cs210-patmat/src/main/scala/patmat/Huffman.scala
2020.10.09 10:01:18 WARN  no build target for: /Users/Nicolas/Desktop/MA1/FP/labs/cs210-patmat/src/main/scala/patmat/Huffman.scala
2020.10.09 10:01:26 WARN  no build target for: /Users/Nicolas/Desktop/MA1/FP/labs/cs210-patmat/src/main/scala/patmat/Huffman.scala
2020.10.09 10:01:31 WARN  no build target for: /Users/Nicolas/Desktop/MA1/FP/labs/cs210-patmat/src/main/scala/patmat/Huffman.scala
2020.10.09 10:01:32 WARN  no build target for: /Users/Nicolas/Desktop/MA1/FP/labs/cs210-patmat/src/main/scala/patmat/Huffman.scala
2020.10.09 10:01:34 WARN  no build target for: /Users/Nicolas/Desktop/MA1/FP/labs/cs210-patmat/src/main/scala/patmat/Huffman.scala
2020.10.09 10:01:35 WARN  no build target for: /Users/Nicolas/Desktop/MA1/FP/labs/cs210-patmat/src/main/scala/patmat/Huffman.scala
2020.10.09 10:01:35 WARN  no build target for: /Users/Nicolas/Desktop/MA1/FP/labs/cs210-patmat/src/main/scala/patmat/Huffman.scala
2020.10.09 10:01:37 WARN  no build target for: /Users/Nicolas/Desktop/MA1/FP/labs/cs210-patmat/src/main/scala/patmat/Huffman.scala
2020.10.09 10:01:44 WARN  no build target for: /Users/Nicolas/Desktop/MA1/FP/labs/cs210-patmat/src/main/scala/patmat/Huffman.scala
2020.10.09 10:01:45 WARN  no build target for: /Users/Nicolas/Desktop/MA1/FP/labs/cs210-patmat/src/main/scala/patmat/Huffman.scala
2020.10.09 10:01:49 WARN  no build target for: /Users/Nicolas/Desktop/MA1/FP/labs/cs210-patmat/src/main/scala/patmat/Huffman.scala
2020.10.09 10:01:49 WARN  no build target for: /Users/Nicolas/Desktop/MA1/FP/labs/cs210-patmat/src/main/scala/patmat/Huffman.scala
2020.10.09 10:01:54 WARN  no build target for: /Users/Nicolas/Desktop/MA1/FP/labs/cs210-patmat/src/main/scala/patmat/Huffman.scala
2020.10.09 10:01:54 WARN  no build target for: /Users/Nicolas/Desktop/MA1/FP/labs/cs210-patmat/src/main/scala/patmat/Huffman.scala
2020.10.09 10:02:00 WARN  no build target for: /Users/Nicolas/Desktop/MA1/FP/labs/cs210-patmat/src/main/scala/patmat/Huffman.scala
2020.10.09 10:02:00 WARN  no build target for: /Users/Nicolas/Desktop/MA1/FP/labs/cs210-patmat/src/main/scala/patmat/Huffman.scala
2020.10.09 10:02:17 WARN  no build target for: /Users/Nicolas/Desktop/MA1/FP/labs/cs210-patmat/src/main/scala/patmat/Huffman.scala
2020.10.09 10:02:20 WARN  no build target for: /Users/Nicolas/Desktop/MA1/FP/labs/cs210-patmat/src/main/scala/patmat/Huffman.scala
2020.10.09 10:02:20 WARN  no build target for: /Users/Nicolas/Desktop/MA1/FP/labs/cs210-patmat/src/main/scala/patmat/Huffman.scala
2020.10.09 10:02:22 WARN  no build target for: /Users/Nicolas/Desktop/MA1/FP/labs/cs210-patmat/src/main/scala/patmat/Huffman.scala
2020.10.09 10:02:22 WARN  no build target for: /Users/Nicolas/Desktop/MA1/FP/labs/cs210-patmat/src/main/scala/patmat/Huffman.scala
2020.10.09 10:02:39 WARN  no build target for: /Users/Nicolas/Desktop/MA1/FP/labs/cs210-patmat/src/main/scala/patmat/Huffman.scala
2020.10.09 10:02:41 WARN  no build target for: /Users/Nicolas/Desktop/MA1/FP/labs/cs210-patmat/src/main/scala/patmat/Huffman.scala
2020.10.09 10:02:44 WARN  no build target for: /Users/Nicolas/Desktop/MA1/FP/labs/cs210-patmat/src/main/scala/patmat/Huffman.scala
2020.10.09 10:02:44 WARN  no build target for: /Users/Nicolas/Desktop/MA1/FP/labs/cs210-patmat/src/main/scala/patmat/Huffman.scala
2020.10.09 10:02:45 WARN  no build target for: /Users/Nicolas/Desktop/MA1/FP/labs/cs210-patmat/src/main/scala/patmat/Huffman.scala
2020.10.09 10:02:45 WARN  no build target for: /Users/Nicolas/Desktop/MA1/FP/labs/cs210-patmat/src/main/scala/patmat/Huffman.scala
2020.10.09 10:02:48 WARN  no build target for: /Users/Nicolas/Desktop/MA1/FP/labs/cs210-patmat/src/main/scala/patmat/Huffman.scala
2020.10.09 10:02:50 WARN  no build target for: /Users/Nicolas/Desktop/MA1/FP/labs/cs210-patmat/src/main/scala/patmat/Huffman.scala
2020.10.09 10:02:50 WARN  no build target for: /Users/Nicolas/Desktop/MA1/FP/labs/cs210-patmat/src/main/scala/patmat/Huffman.scala
2020.10.09 10:02:51 WARN  no build target for: /Users/Nicolas/Desktop/MA1/FP/labs/cs210-patmat/src/main/scala/patmat/Huffman.scala
2020.10.09 10:02:54 WARN  no build target for: /Users/Nicolas/Desktop/MA1/FP/labs/cs210-patmat/src/main/scala/patmat/Huffman.scala
2020.10.09 10:02:54 WARN  no build target for: /Users/Nicolas/Desktop/MA1/FP/labs/cs210-patmat/src/main/scala/patmat/Huffman.scala
2020.10.09 10:02:56 WARN  no build target for: /Users/Nicolas/Desktop/MA1/FP/labs/cs210-patmat/src/main/scala/patmat/Huffman.scala
2020.10.09 10:02:56 WARN  no build target for: /Users/Nicolas/Desktop/MA1/FP/labs/cs210-patmat/src/main/scala/patmat/Huffman.scala
2020.10.09 10:02:57 WARN  no build target for: /Users/Nicolas/Desktop/MA1/FP/labs/cs210-patmat/src/main/scala/patmat/Huffman.scala
2020.10.09 10:02:57 WARN  no build target for: /Users/Nicolas/Desktop/MA1/FP/labs/cs210-patmat/src/main/scala/patmat/Huffman.scala
2020.10.09 10:03:01 WARN  no build target for: /Users/Nicolas/Desktop/MA1/FP/labs/cs210-patmat/src/main/scala/patmat/Huffman.scala
2020.10.09 10:03:01 WARN  no build target for: /Users/Nicolas/Desktop/MA1/FP/labs/cs210-patmat/src/main/scala/patmat/Huffman.scala
2020.10.09 10:03:05 WARN  no build target for: /Users/Nicolas/Desktop/MA1/FP/labs/cs210-patmat/src/main/scala/patmat/Huffman.scala
2020.10.09 10:03:05 WARN  no build target for: /Users/Nicolas/Desktop/MA1/FP/labs/cs210-patmat/src/main/scala/patmat/Huffman.scala
2020.10.09 10:03:06 WARN  no build target for: /Users/Nicolas/Desktop/MA1/FP/labs/cs210-patmat/src/main/scala/patmat/Huffman.scala
2020.10.09 10:03:06 WARN  no build target for: /Users/Nicolas/Desktop/MA1/FP/labs/cs210-patmat/src/main/scala/patmat/Huffman.scala
2020.10.09 10:03:11 WARN  no build target for: /Users/Nicolas/Desktop/MA1/FP/labs/cs210-patmat/src/main/scala/patmat/Huffman.scala
2020.10.09 10:03:11 WARN  no build target for: /Users/Nicolas/Desktop/MA1/FP/labs/cs210-patmat/src/main/scala/patmat/Huffman.scala
2020.10.09 10:03:14 WARN  no build target for: /Users/Nicolas/Desktop/MA1/FP/labs/cs210-patmat/src/main/scala/patmat/Huffman.scala
2020.10.09 10:03:14 WARN  no build target for: /Users/Nicolas/Desktop/MA1/FP/labs/cs210-patmat/src/main/scala/patmat/Huffman.scala
2020.10.09 10:03:16 WARN  no build target for: /Users/Nicolas/Desktop/MA1/FP/labs/cs210-patmat/src/main/scala/patmat/Huffman.scala
2020.10.09 10:03:16 WARN  no build target for: /Users/Nicolas/Desktop/MA1/FP/labs/cs210-patmat/src/main/scala/patmat/Huffman.scala
2020.10.09 10:03:17 WARN  no build target for: /Users/Nicolas/Desktop/MA1/FP/labs/cs210-patmat/src/main/scala/patmat/Huffman.scala
2020.10.09 10:03:47 WARN  no build target for: /Users/Nicolas/Desktop/MA1/FP/labs/cs210-patmat/src/main/scala/patmat/Huffman.scala
2020.10.09 10:04:00 WARN  no build target for: /Users/Nicolas/Desktop/MA1/FP/labs/cs210-patmat/src/main/scala/patmat/Huffman.scala
2020.10.09 10:04:00 WARN  no build target for: /Users/Nicolas/Desktop/MA1/FP/labs/cs210-patmat/src/main/scala/patmat/Huffman.scala
2020.10.09 10:04:25 WARN  no build target for: /Users/Nicolas/Desktop/MA1/FP/labs/cs210-patmat/src/main/scala/patmat/Huffman.scala
2020.10.09 10:04:25 WARN  no build target for: /Users/Nicolas/Desktop/MA1/FP/labs/cs210-patmat/src/main/scala/patmat/Huffman.scala
2020.10.09 10:04:27 WARN  no build target for: /Users/Nicolas/Desktop/MA1/FP/labs/cs210-patmat/src/main/scala/patmat/Huffman.scala
2020.10.09 10:04:27 WARN  no build target for: /Users/Nicolas/Desktop/MA1/FP/labs/cs210-patmat/src/main/scala/patmat/Huffman.scala
2020.10.09 10:04:30 WARN  no build target for: /Users/Nicolas/Desktop/MA1/FP/labs/cs210-patmat/src/main/scala/patmat/Huffman.scala
2020.10.09 10:05:03 WARN  no build target for: /Users/Nicolas/Desktop/MA1/FP/labs/cs210-patmat/src/main/scala/patmat/Huffman.scala
2020.10.09 10:05:04 WARN  no build target for: /Users/Nicolas/Desktop/MA1/FP/labs/cs210-patmat/src/main/scala/patmat/Huffman.scala
2020.10.09 10:05:07 WARN  no build target for: /Users/Nicolas/Desktop/MA1/FP/labs/cs210-patmat/src/main/scala/patmat/Huffman.scala
2020.10.09 10:05:09 WARN  no build target for: /Users/Nicolas/Desktop/MA1/FP/labs/cs210-patmat/src/main/scala/patmat/Huffman.scala
2020.10.09 10:05:27 WARN  no build target for: /Users/Nicolas/Desktop/MA1/FP/labs/cs210-patmat/src/main/scala/patmat/Huffman.scala
2020.10.09 10:05:27 WARN  no build target for: /Users/Nicolas/Desktop/MA1/FP/labs/cs210-patmat/src/main/scala/patmat/Huffman.scala
2020.10.09 10:12:29 INFO  shutting down Metals
2020.10.16 10:17:03 INFO  started: Metals version 0.9.4 in workspace '/Users/Nicolas/Desktop/MA1/FP/labs/cs210-patmat' for client vscode.
2020.10.16 10:17:04 INFO  time: initialize in 0.74s
Starting the bsp launcher for bloop...
Opening a bsp server connection with 'bsp --protocol local --socket /var/folders/gv/9f1qr5t910dbg02_n42k2q1m0000gn/T/bsp-launcher4923267901492253054/bsp.socket'...
Waiting for the bsp connection to come up...
2020.10.16 10:17:05 INFO  skipping build import with status 'Installed'
Waiting for the bsp connection to come up...
Waiting for the bsp connection to come up...
Waiting for the bsp connection to come up...
Waiting for the bsp connection to come up...
No server running at 127.0.0.1:8212, let's fire one...
Resolving ch.epfl.scala:bloop-frontend_2.12:1.4.4-13-408f4d80...
Starting bloop server at 127.0.0.1:8212...
Attempting a connection to the server...
Attempting a connection to the server...
Attempting a connection to the server...
Attempting a connection to the server...
Attempting a connection to the server...
Attempting a connection to the server...
Attempting a connection to the server...
Attempting a connection to the server...
[0m[32m[D][0m Loading workspace settings from bloop.settings.json
[0m[32m[D][0m Loading 2 projects from '/Users/Nicolas/Desktop/MA1/FP/labs/cs210-patmat/.bloop'...
[0m[32m[D][0m Loading project from '/Users/Nicolas/Desktop/MA1/FP/labs/cs210-patmat/.bloop/cs210-patmat.json'
[0m[32m[D][0m Loading project from '/Users/Nicolas/Desktop/MA1/FP/labs/cs210-patmat/.bloop/cs210-patmat-test.json'
[0m[32m[D][0m Cache miss for scala instance ch.epfl.lamp:scala-compiler:0.27.0-RC1.
[0m[32m[D][0m   => /Users/Nicolas/Library/Caches/Coursier/v1/https/repo1.maven.org/maven2/ch/epfl/lamp/dotty-compiler_0.27/0.27.0-RC1/dotty-compiler_0.27-0.27.0-RC1.jar
[0m[32m[D][0m   => /Users/Nicolas/Library/Caches/Coursier/v1/https/repo1.maven.org/maven2/ch/epfl/lamp/dotty-interfaces/0.27.0-RC1/dotty-interfaces-0.27.0-RC1.jar
[0m[32m[D][0m   => /Users/Nicolas/Library/Caches/Coursier/v1/https/repo1.maven.org/maven2/ch/epfl/lamp/dotty-library_0.27/0.27.0-RC1/dotty-library_0.27-0.27.0-RC1.jar
[0m[32m[D][0m   => /Users/Nicolas/Library/Caches/Coursier/v1/https/repo1.maven.org/maven2/ch/epfl/lamp/tasty-core_0.27/0.27.0-RC1/tasty-core_0.27-0.27.0-RC1.jar
[0m[32m[D][0m   => /Users/Nicolas/Library/Caches/Coursier/v1/https/repo1.maven.org/maven2/net/java/dev/jna/jna/5.3.1/jna-5.3.1.jar
[0m[32m[D][0m   => /Users/Nicolas/Library/Caches/Coursier/v1/https/repo1.maven.org/maven2/org/jline/jline-reader/3.15.0/jline-reader-3.15.0.jar
[0m[32m[D][0m   => /Users/Nicolas/Library/Caches/Coursier/v1/https/repo1.maven.org/maven2/org/jline/jline-terminal-jna/3.15.0/jline-terminal-jna-3.15.0.jar
[0m[32m[D][0m   => /Users/Nicolas/Library/Caches/Coursier/v1/https/repo1.maven.org/maven2/org/jline/jline-terminal/3.15.0/jline-terminal-3.15.0.jar
[0m[32m[D][0m   => /Users/Nicolas/Library/Caches/Coursier/v1/https/repo1.maven.org/maven2/org/scala-lang/modules/scala-asm/7.3.1-scala-1/scala-asm-7.3.1-scala-1.jar
[0m[32m[D][0m   => /Users/Nicolas/Library/Caches/Coursier/v1/https/repo1.maven.org/maven2/org/scala-lang/scala-library/2.13.3/scala-library-2.13.3.jar
[0m[32m[D][0m   => /Users/Nicolas/Library/Caches/Coursier/v1/https/repo1.maven.org/maven2/org/scala-sbt/compiler-interface/1.2.5/compiler-interface-1.2.5.jar
[0m[32m[D][0m   => /Users/Nicolas/Library/Caches/Coursier/v1/https/repo1.maven.org/maven2/org/scala-sbt/util-interface/1.2.2/util-interface-1.2.2.jar
[0m[32m[D][0m Skipped configuration of SemanticDB in unsupported 0.27.0-RC1 projects
[0m[32m[D][0m Missing analysis file for project 'cs210-patmat-test'
[0m[32m[D][0m Loading previous analysis for 'cs210-patmat' from '/Users/Nicolas/Desktop/MA1/FP/labs/cs210-patmat/target/streams/compile/bloopAnalysisOut/_global/streams/inc_compile_0.27.zip'.
[0m[32m[D][0m Waiting for a connection at local:///var/folders/gv/9f1qr5t910dbg02_n42k2q1m0000gn/T/bsp-launcher4923267901492253054/bsp.socket...
The server is listening for incoming connections at local:///var/folders/gv/9f1qr5t910dbg02_n42k2q1m0000gn/T/bsp-launcher4923267901492253054/bsp.socket...
Starting thread that pumps stdin and redirects it to the bsp server...
Starting thread that pumps server stdout and redirects it to the client stdout...
2020.10.16 10:17:10 INFO  tracing is disabled for protocol BSP, to enable tracing of incoming and outgoing JSON messages create an empty file at /Users/Nicolas/Library/Caches/org.scalameta.metals/bsp.trace.json
Starting the bsp launcher for bloop...
Opening a bsp server connection with 'bsp --protocol local --socket /var/folders/gv/9f1qr5t910dbg02_n42k2q1m0000gn/T/bsp-launcher8752284348871678405/bsp.socket'...
Starting the bsp launcher for bloop...
Opening a bsp server connection with 'bsp --protocol local --socket /var/folders/gv/9f1qr5t910dbg02_n42k2q1m0000gn/T/bsp-launcher1829715017266120488/bsp.socket'...
Waiting for the bsp connection to come up...
Waiting for the bsp connection to come up...
[0m[32m[D][0m Loading workspace settings from bloop.settings.json
[0m[32m[D][0m Waiting for a connection at local:///var/folders/gv/9f1qr5t910dbg02_n42k2q1m0000gn/T/bsp-launcher8752284348871678405/bsp.socket...
The server is listening for incoming connections at local:///var/folders/gv/9f1qr5t910dbg02_n42k2q1m0000gn/T/bsp-launcher8752284348871678405/bsp.socket...
Starting thread that pumps stdin and redirects it to the bsp server...
Starting thread that pumps server stdout and redirects it to the client stdout...
2020.10.16 10:17:10 INFO  tracing is disabled for protocol BSP, to enable tracing of incoming and outgoing JSON messages create an empty file at /Users/Nicolas/Library/Caches/org.scalameta.metals/bsp.trace.json
[0m[32m[D][0m Loading workspace settings from bloop.settings.json
[0m[32m[D][0m Waiting for a connection at local:///var/folders/gv/9f1qr5t910dbg02_n42k2q1m0000gn/T/bsp-launcher1829715017266120488/bsp.socket...
The server is listening for incoming connections at local:///var/folders/gv/9f1qr5t910dbg02_n42k2q1m0000gn/T/bsp-launcher1829715017266120488/bsp.socket...
Starting thread that pumps stdin and redirects it to the bsp server...
Starting thread that pumps server stdout and redirects it to the client stdout...
2020.10.16 10:17:10 INFO  tracing is disabled for protocol BSP, to enable tracing of incoming and outgoing JSON messages create an empty file at /Users/Nicolas/Library/Caches/org.scalameta.metals/bsp.trace.json
2020.10.16 10:17:10 INFO  time: connected to build server in 5.72s
2020.10.16 10:17:10 INFO  Connected to Build server v1.4.4-13-408f4d80
2020.10.16 10:17:10 INFO  time: imported build in 0.2s
2020.10.16 10:17:21 INFO  time: indexed workspace in 10s
oct. 16, 2020 10:23:45 AM org.eclipse.lsp4j.jsonrpc.services.GenericEndpoint notify
INFOS: Unsupported notification method: $/setTraceNotification
2020.10.16 10:24:01 INFO  shutting down Metals
No more data in the client stdin, exiting...
No more data in the client stdin, exiting...
No more data in the client stdin, exiting...
